[2024-12-06T11:51:54.489+0900] {manager.py:483} INFO - Processing files using up to 1 processes at a time 
[2024-12-06T11:51:54.490+0900] {manager.py:484} INFO - Process each file at most once every 30 seconds
[2024-12-06T11:51:54.490+0900] {manager.py:485} INFO - Checking for new files in /home/kyuseok00/final/airflow/dags every 300 seconds
[2024-12-06T11:51:54.491+0900] {manager.py:821} INFO - Searching for files in /home/kyuseok00/final/airflow/dags
[2024-12-06T11:51:54.496+0900] {manager.py:824} INFO - There are 2 files in /home/kyuseok00/final/airflow/dags
[2024-12-06T11:51:57.799+0900] {manager.py:997} INFO - 
================================================================================
DAG File Processing Stats

File Path                                         PID    Runtime      # DAGs    # Errors  Last Runtime    Last Run               Last # of DB Queries
------------------------------------------------  -----  ---------  --------  ----------  --------------  -------------------  ----------------------
/home/kyuseok00/final/airflow/dags/similarity.py                           1           0  3.23s           2024-12-06T02:51:57                      45
/home/kyuseok00/final/airflow/dags/spotify.py                              0           0                                                            0
================================================================================
[2024-12-06T11:52:29.672+0900] {manager.py:997} INFO - 
================================================================================
DAG File Processing Stats

File Path                                         PID    Runtime      # DAGs    # Errors  Last Runtime    Last Run               Last # of DB Queries
------------------------------------------------  -----  ---------  --------  ----------  --------------  -------------------  ----------------------
/home/kyuseok00/final/airflow/dags/similarity.py                           1           0  1.41s           2024-12-06T02:52:29                      12
/home/kyuseok00/final/airflow/dags/spotify.py                              1           0  0.71s           2024-12-06T02:51:59                      45
================================================================================
[2024-12-06T11:52:43.278+0900] {manager.py:465} INFO - Exiting gracefully upon receiving signal 15
[2024-12-06T11:53:31.080+0900] {manager.py:483} INFO - Processing files using up to 1 processes at a time 
[2024-12-06T11:53:31.082+0900] {manager.py:484} INFO - Process each file at most once every 30 seconds
[2024-12-06T11:53:31.083+0900] {manager.py:485} INFO - Checking for new files in /home/kyuseok00/final/airflow/dags every 300 seconds
[2024-12-06T11:53:31.084+0900] {manager.py:821} INFO - Searching for files in /home/kyuseok00/final/airflow/dags
[2024-12-06T11:53:31.090+0900] {manager.py:824} INFO - There are 2 files in /home/kyuseok00/final/airflow/dags
[2024-12-06T11:53:32.359+0900] {manager.py:997} INFO - 
================================================================================
DAG File Processing Stats

File Path                                         PID    Runtime      # DAGs    # Errors  Last Runtime    Last Run               Last # of DB Queries
------------------------------------------------  -----  ---------  --------  ----------  --------------  -------------------  ----------------------
/home/kyuseok00/final/airflow/dags/similarity.py                           1           0  1.21s           2024-12-06T02:53:32                      12
/home/kyuseok00/final/airflow/dags/spotify.py                              0           0                                                            0
================================================================================
[2024-12-06T11:54:03.704+0900] {manager.py:997} INFO - 
================================================================================
DAG File Processing Stats

File Path                                         PID    Runtime      # DAGs    # Errors  Last Runtime    Last Run               Last # of DB Queries
------------------------------------------------  -----  ---------  --------  ----------  --------------  -------------------  ----------------------
/home/kyuseok00/final/airflow/dags/similarity.py                           1           0  1.32s           2024-12-06T02:54:03                      12
/home/kyuseok00/final/airflow/dags/spotify.py                              1           0  0.21s           2024-12-06T02:53:33                      12
================================================================================
[2024-12-06T11:54:35.143+0900] {manager.py:997} INFO - 
================================================================================
DAG File Processing Stats

File Path                                         PID    Runtime      # DAGs    # Errors  Last Runtime    Last Run               Last # of DB Queries
------------------------------------------------  -----  ---------  --------  ----------  --------------  -------------------  ----------------------
/home/kyuseok00/final/airflow/dags/similarity.py                           1           0  0.91s           2024-12-06T02:54:35                      12
/home/kyuseok00/final/airflow/dags/spotify.py                              1           0  0.21s           2024-12-06T02:54:05                      12
================================================================================
[2024-12-06T11:55:06.311+0900] {manager.py:997} INFO - 
================================================================================
DAG File Processing Stats

File Path                                         PID    Runtime      # DAGs    # Errors  Last Runtime    Last Run               Last # of DB Queries
------------------------------------------------  -----  ---------  --------  ----------  --------------  -------------------  ----------------------
/home/kyuseok00/final/airflow/dags/similarity.py                           1           0  1.11s           2024-12-06T02:55:06                      12
/home/kyuseok00/final/airflow/dags/spotify.py                              1           0  0.10s           2024-12-06T02:54:36                      12
================================================================================
[2024-12-06T11:55:37.466+0900] {manager.py:997} INFO - 
================================================================================
DAG File Processing Stats

File Path                                         PID    Runtime      # DAGs    # Errors  Last Runtime    Last Run               Last # of DB Queries
------------------------------------------------  -----  ---------  --------  ----------  --------------  -------------------  ----------------------
/home/kyuseok00/final/airflow/dags/similarity.py                           1           0  1.01s           2024-12-06T02:55:37                      12
/home/kyuseok00/final/airflow/dags/spotify.py                              1           0  0.21s           2024-12-06T02:55:07                      12
================================================================================
[2024-12-06T11:56:08.683+0900] {manager.py:997} INFO - 
================================================================================
DAG File Processing Stats

File Path                                         PID    Runtime      # DAGs    # Errors  Last Runtime    Last Run               Last # of DB Queries
------------------------------------------------  -----  ---------  --------  ----------  --------------  -------------------  ----------------------
/home/kyuseok00/final/airflow/dags/similarity.py                           1           0  1.11s           2024-12-06T02:56:08                      12
/home/kyuseok00/final/airflow/dags/spotify.py                              1           0  0.21s           2024-12-06T02:55:38                      12
================================================================================
[2024-12-06T11:56:39.833+0900] {manager.py:997} INFO - 
================================================================================
DAG File Processing Stats

File Path                                         PID    Runtime      # DAGs    # Errors  Last Runtime    Last Run               Last # of DB Queries
------------------------------------------------  -----  ---------  --------  ----------  --------------  -------------------  ----------------------
/home/kyuseok00/final/airflow/dags/similarity.py                           1           0  1.01s           2024-12-06T02:56:39                      12
/home/kyuseok00/final/airflow/dags/spotify.py                              1           0  0.21s           2024-12-06T02:56:09                      12
================================================================================
[2024-12-06T11:57:10.994+0900] {manager.py:997} INFO - 
================================================================================
DAG File Processing Stats

File Path                                         PID    Runtime      # DAGs    # Errors  Last Runtime    Last Run               Last # of DB Queries
------------------------------------------------  -----  ---------  --------  ----------  --------------  -------------------  ----------------------
/home/kyuseok00/final/airflow/dags/similarity.py                           1           0  1.01s           2024-12-06T02:57:10                      12
/home/kyuseok00/final/airflow/dags/spotify.py                              1           0  0.21s           2024-12-06T02:56:40                      12
================================================================================
[2024-12-06T11:57:42.152+0900] {manager.py:997} INFO - 
================================================================================
DAG File Processing Stats

File Path                                         PID    Runtime      # DAGs    # Errors  Last Runtime    Last Run               Last # of DB Queries
------------------------------------------------  -----  ---------  --------  ----------  --------------  -------------------  ----------------------
/home/kyuseok00/final/airflow/dags/similarity.py                           1           0  1.01s           2024-12-06T02:57:42                      12
/home/kyuseok00/final/airflow/dags/spotify.py                              1           0  0.21s           2024-12-06T02:57:12                      12
================================================================================
[2024-12-06T11:58:13.320+0900] {manager.py:997} INFO - 
================================================================================
DAG File Processing Stats

File Path                                         PID    Runtime      # DAGs    # Errors  Last Runtime    Last Run               Last # of DB Queries
------------------------------------------------  -----  ---------  --------  ----------  --------------  -------------------  ----------------------
/home/kyuseok00/final/airflow/dags/similarity.py                           1           0  1.01s           2024-12-06T02:58:13                      12
/home/kyuseok00/final/airflow/dags/spotify.py                              1           0  0.20s           2024-12-06T02:57:43                      12
================================================================================
[2024-12-06T11:58:31.132+0900] {manager.py:821} INFO - Searching for files in /home/kyuseok00/final/airflow/dags
[2024-12-06T11:58:31.137+0900] {manager.py:824} INFO - There are 2 files in /home/kyuseok00/final/airflow/dags
[2024-12-06T11:58:44.694+0900] {manager.py:997} INFO - 
================================================================================
DAG File Processing Stats

File Path                                         PID    Runtime      # DAGs    # Errors  Last Runtime    Last Run               Last # of DB Queries
------------------------------------------------  -----  ---------  --------  ----------  --------------  -------------------  ----------------------
/home/kyuseok00/final/airflow/dags/similarity.py                           1           0  1.21s           2024-12-06T02:58:44                      12
/home/kyuseok00/final/airflow/dags/spotify.py                              1           0  0.20s           2024-12-06T02:58:14                      12
================================================================================
[2024-12-06T11:59:16.132+0900] {manager.py:997} INFO - 
================================================================================
DAG File Processing Stats

File Path                                         PID    Runtime      # DAGs    # Errors  Last Runtime    Last Run               Last # of DB Queries
------------------------------------------------  -----  ---------  --------  ----------  --------------  -------------------  ----------------------
/home/kyuseok00/final/airflow/dags/similarity.py                           1           0  1.32s           2024-12-06T02:59:16                      12
/home/kyuseok00/final/airflow/dags/spotify.py                              1           0  0.21s           2024-12-06T02:58:45                      12
================================================================================
[2024-12-06T11:59:47.297+0900] {manager.py:997} INFO - 
================================================================================
DAG File Processing Stats

File Path                                         PID    Runtime      # DAGs    # Errors  Last Runtime    Last Run               Last # of DB Queries
------------------------------------------------  -----  ---------  --------  ----------  --------------  -------------------  ----------------------
/home/kyuseok00/final/airflow/dags/similarity.py                           1           0  1.01s           2024-12-06T02:59:47                      12
/home/kyuseok00/final/airflow/dags/spotify.py                              1           0  0.21s           2024-12-06T02:59:17                      12
================================================================================
[2024-12-06T12:00:18.828+0900] {manager.py:997} INFO - 
================================================================================
DAG File Processing Stats

File Path                                         PID    Runtime      # DAGs    # Errors  Last Runtime    Last Run               Last # of DB Queries
------------------------------------------------  -----  ---------  --------  ----------  --------------  -------------------  ----------------------
/home/kyuseok00/final/airflow/dags/similarity.py                           1           0  1.41s           2024-12-06T03:00:18                      12
/home/kyuseok00/final/airflow/dags/spotify.py                              1           0  0.10s           2024-12-06T02:59:48                      12
================================================================================
[2024-12-06T12:00:50.276+0900] {manager.py:997} INFO - 
================================================================================
DAG File Processing Stats

File Path                                         PID    Runtime      # DAGs    # Errors  Last Runtime    Last Run               Last # of DB Queries
------------------------------------------------  -----  ---------  --------  ----------  --------------  -------------------  ----------------------
/home/kyuseok00/final/airflow/dags/similarity.py                           1           0  1.31s           2024-12-06T03:00:50                      12
/home/kyuseok00/final/airflow/dags/spotify.py                              1           0  0.20s           2024-12-06T03:00:19                      12
================================================================================
[2024-12-06T12:01:21.595+0900] {manager.py:997} INFO - 
================================================================================
DAG File Processing Stats

File Path                                         PID    Runtime      # DAGs    # Errors  Last Runtime    Last Run               Last # of DB Queries
------------------------------------------------  -----  ---------  --------  ----------  --------------  -------------------  ----------------------
/home/kyuseok00/final/airflow/dags/similarity.py                           1           0  1.21s           2024-12-06T03:01:21                      12
/home/kyuseok00/final/airflow/dags/spotify.py                              1           0  0.11s           2024-12-06T03:00:51                      12
================================================================================
[2024-12-06T12:01:53.398+0900] {manager.py:997} INFO - 
================================================================================
DAG File Processing Stats

File Path                                         PID    Runtime      # DAGs    # Errors  Last Runtime    Last Run               Last # of DB Queries
------------------------------------------------  -----  ---------  --------  ----------  --------------  -------------------  ----------------------
/home/kyuseok00/final/airflow/dags/similarity.py                           1           0  1.72s           2024-12-06T03:01:53                      12
/home/kyuseok00/final/airflow/dags/spotify.py                              1           0  0.20s           2024-12-06T03:01:22                      12
================================================================================
[2024-12-06T12:02:24.829+0900] {manager.py:997} INFO - 
================================================================================
DAG File Processing Stats

File Path                                         PID    Runtime      # DAGs    # Errors  Last Runtime    Last Run               Last # of DB Queries
------------------------------------------------  -----  ---------  --------  ----------  --------------  -------------------  ----------------------
/home/kyuseok00/final/airflow/dags/similarity.py                           1           0  1.31s           2024-12-06T03:02:24                      12
/home/kyuseok00/final/airflow/dags/spotify.py                              1           0  0.20s           2024-12-06T03:01:54                      12
================================================================================
[2024-12-06T12:02:57.681+0900] {manager.py:997} INFO - 
================================================================================
DAG File Processing Stats

File Path                                         PID    Runtime      # DAGs    # Errors  Last Runtime    Last Run               Last # of DB Queries
------------------------------------------------  -----  ---------  --------  ----------  --------------  -------------------  ----------------------
/home/kyuseok00/final/airflow/dags/similarity.py                           1           0  2.75s           2024-12-06T03:02:57                      12
/home/kyuseok00/final/airflow/dags/spotify.py                              1           0  0.20s           2024-12-06T03:02:26                      12
================================================================================
[2024-12-06T12:03:32.266+0900] {manager.py:997} INFO - 
================================================================================
DAG File Processing Stats

File Path                                         PID    Runtime      # DAGs    # Errors  Last Runtime    Last Run               Last # of DB Queries
------------------------------------------------  -----  ---------  --------  ----------  --------------  -------------------  ----------------------
/home/kyuseok00/final/airflow/dags/similarity.py                           1           0  4.45s           2024-12-06T03:03:32                      12
/home/kyuseok00/final/airflow/dags/spotify.py                              1           0  0.20s           2024-12-06T03:02:58                      12
================================================================================
[2024-12-06T12:03:33.354+0900] {manager.py:821} INFO - Searching for files in /home/kyuseok00/final/airflow/dags
[2024-12-06T12:03:33.358+0900] {manager.py:824} INFO - There are 2 files in /home/kyuseok00/final/airflow/dags
[2024-12-06T12:04:03.986+0900] {manager.py:997} INFO - 
================================================================================
DAG File Processing Stats

File Path                                         PID    Runtime      # DAGs    # Errors  Last Runtime    Last Run               Last # of DB Queries
------------------------------------------------  -----  ---------  --------  ----------  --------------  -------------------  ----------------------
/home/kyuseok00/final/airflow/dags/similarity.py                           1           0  1.61s           2024-12-06T03:04:03                      12
/home/kyuseok00/final/airflow/dags/spotify.py                              1           0  0.21s           2024-12-06T03:03:33                      12
================================================================================
[2024-12-06T12:04:35.287+0900] {manager.py:997} INFO - 
================================================================================
DAG File Processing Stats

File Path                                         PID    Runtime      # DAGs    # Errors  Last Runtime    Last Run               Last # of DB Queries
------------------------------------------------  -----  ---------  --------  ----------  --------------  -------------------  ----------------------
/home/kyuseok00/final/airflow/dags/similarity.py                           1           0  1.21s           2024-12-06T03:04:35                      12
/home/kyuseok00/final/airflow/dags/spotify.py                              1           0  0.21s           2024-12-06T03:04:05                      12
================================================================================
[2024-12-06T12:05:08.139+0900] {manager.py:997} INFO - 
================================================================================
DAG File Processing Stats

File Path                                         PID    Runtime      # DAGs    # Errors  Last Runtime    Last Run               Last # of DB Queries
------------------------------------------------  -----  ---------  --------  ----------  --------------  -------------------  ----------------------
/home/kyuseok00/final/airflow/dags/similarity.py                           1           0  2.66s           2024-12-06T03:05:08                      12
/home/kyuseok00/final/airflow/dags/spotify.py                              1           0  0.20s           2024-12-06T03:04:36                      12
================================================================================
[2024-12-06T12:05:40.218+0900] {manager.py:997} INFO - 
================================================================================
DAG File Processing Stats

File Path                                         PID    Runtime      # DAGs    # Errors  Last Runtime    Last Run               Last # of DB Queries
------------------------------------------------  -----  ---------  --------  ----------  --------------  -------------------  ----------------------
/home/kyuseok00/final/airflow/dags/similarity.py                           1           0  1.91s           2024-12-06T03:05:40                      12
/home/kyuseok00/final/airflow/dags/spotify.py                              1           0  0.65s           2024-12-06T03:05:09                      12
================================================================================
[2024-12-06T12:06:11.949+0900] {manager.py:997} INFO - 
================================================================================
DAG File Processing Stats

File Path                                         PID    Runtime      # DAGs    # Errors  Last Runtime    Last Run               Last # of DB Queries
------------------------------------------------  -----  ---------  --------  ----------  --------------  -------------------  ----------------------
/home/kyuseok00/final/airflow/dags/similarity.py                           1           0  1.64s           2024-12-06T03:06:11                      12
/home/kyuseok00/final/airflow/dags/spotify.py                              1           0  0.21s           2024-12-06T03:05:41                      12
================================================================================
[2024-12-06T12:06:42.959+0900] {manager.py:997} INFO - 
================================================================================
DAG File Processing Stats

File Path                                         PID    Runtime      # DAGs    # Errors  Last Runtime    Last Run               Last # of DB Queries
------------------------------------------------  -----  ---------  --------  ----------  --------------  -------------------  ----------------------
/home/kyuseok00/final/airflow/dags/similarity.py                           1           0  0.91s           2024-12-06T03:06:42                      12
/home/kyuseok00/final/airflow/dags/spotify.py                              1           0  0.21s           2024-12-06T03:06:13                      12
================================================================================
[2024-12-06T12:07:14.056+0900] {manager.py:997} INFO - 
================================================================================
DAG File Processing Stats

File Path                                         PID    Runtime      # DAGs    # Errors  Last Runtime    Last Run               Last # of DB Queries
------------------------------------------------  -----  ---------  --------  ----------  --------------  -------------------  ----------------------
/home/kyuseok00/final/airflow/dags/similarity.py                           1           0  1.01s           2024-12-06T03:07:14                      12
/home/kyuseok00/final/airflow/dags/spotify.py                              1           0  0.21s           2024-12-06T03:06:44                      12
================================================================================
[2024-12-06T12:07:45.766+0900] {manager.py:997} INFO - 
================================================================================
DAG File Processing Stats

File Path                                         PID    Runtime      # DAGs    # Errors  Last Runtime    Last Run               Last # of DB Queries
------------------------------------------------  -----  ---------  --------  ----------  --------------  -------------------  ----------------------
/home/kyuseok00/final/airflow/dags/similarity.py                           1           0  1.61s           2024-12-06T03:07:45                      12
/home/kyuseok00/final/airflow/dags/spotify.py                              1           0  0.21s           2024-12-06T03:07:15                      12
================================================================================
[2024-12-06T12:08:17.791+0900] {manager.py:997} INFO - 
================================================================================
DAG File Processing Stats

File Path                                         PID    Runtime      # DAGs    # Errors  Last Runtime    Last Run               Last # of DB Queries
------------------------------------------------  -----  ---------  --------  ----------  --------------  -------------------  ----------------------
/home/kyuseok00/final/airflow/dags/similarity.py                           1           0  1.85s           2024-12-06T03:08:17                      12
/home/kyuseok00/final/airflow/dags/spotify.py                              1           0  0.31s           2024-12-06T03:07:47                      12
================================================================================
[2024-12-06T12:08:34.218+0900] {manager.py:821} INFO - Searching for files in /home/kyuseok00/final/airflow/dags
[2024-12-06T12:08:34.240+0900] {manager.py:824} INFO - There are 2 files in /home/kyuseok00/final/airflow/dags
[2024-12-06T12:08:49.198+0900] {manager.py:997} INFO - 
================================================================================
DAG File Processing Stats

File Path                                         PID    Runtime      # DAGs    # Errors  Last Runtime    Last Run               Last # of DB Queries
------------------------------------------------  -----  ---------  --------  ----------  --------------  -------------------  ----------------------
/home/kyuseok00/final/airflow/dags/similarity.py                           1           0  1.01s           2024-12-06T03:08:49                      12
/home/kyuseok00/final/airflow/dags/spotify.py                              1           0  0.21s           2024-12-06T03:08:19                      12
================================================================================
[2024-12-06T12:09:20.895+0900] {manager.py:997} INFO - 
================================================================================
DAG File Processing Stats

File Path                                         PID    Runtime      # DAGs    # Errors  Last Runtime    Last Run               Last # of DB Queries
------------------------------------------------  -----  ---------  --------  ----------  --------------  -------------------  ----------------------
/home/kyuseok00/final/airflow/dags/similarity.py                           1           0  1.61s           2024-12-06T03:09:20                      12
/home/kyuseok00/final/airflow/dags/spotify.py                              1           0  0.20s           2024-12-06T03:08:50                      12
================================================================================
[2024-12-06T12:09:52.613+0900] {manager.py:997} INFO - 
================================================================================
DAG File Processing Stats

File Path                                         PID    Runtime      # DAGs    # Errors  Last Runtime    Last Run               Last # of DB Queries
------------------------------------------------  -----  ---------  --------  ----------  --------------  -------------------  ----------------------
/home/kyuseok00/final/airflow/dags/similarity.py                           1           0  1.61s           2024-12-06T03:09:52                      12
/home/kyuseok00/final/airflow/dags/spotify.py                              1           0  0.21s           2024-12-06T03:09:22                      12
================================================================================
[2024-12-06T12:10:24.140+0900] {manager.py:997} INFO - 
================================================================================
DAG File Processing Stats

File Path                                         PID    Runtime      # DAGs    # Errors  Last Runtime    Last Run               Last # of DB Queries
------------------------------------------------  -----  ---------  --------  ----------  --------------  -------------------  ----------------------
/home/kyuseok00/final/airflow/dags/similarity.py                           1           0  1.41s           2024-12-06T03:10:24                      12
/home/kyuseok00/final/airflow/dags/spotify.py                              1           0  0.21s           2024-12-06T03:09:53                      12
================================================================================
[2024-12-06T12:10:55.338+0900] {manager.py:997} INFO - 
================================================================================
DAG File Processing Stats

File Path                                         PID    Runtime      # DAGs    # Errors  Last Runtime    Last Run               Last # of DB Queries
------------------------------------------------  -----  ---------  --------  ----------  --------------  -------------------  ----------------------
/home/kyuseok00/final/airflow/dags/similarity.py                           1           0  1.11s           2024-12-06T03:10:55                      12
/home/kyuseok00/final/airflow/dags/spotify.py                              1           0  0.20s           2024-12-06T03:10:25                      12
================================================================================
[2024-12-06T12:11:26.634+0900] {manager.py:997} INFO - 
================================================================================
DAG File Processing Stats

File Path                                         PID    Runtime      # DAGs    # Errors  Last Runtime    Last Run               Last # of DB Queries
------------------------------------------------  -----  ---------  --------  ----------  --------------  -------------------  ----------------------
/home/kyuseok00/final/airflow/dags/similarity.py                           1           0  1.21s           2024-12-06T03:11:26                      12
/home/kyuseok00/final/airflow/dags/spotify.py                              1           0  0.21s           2024-12-06T03:10:56                      12
================================================================================
[2024-12-06T12:11:57.953+0900] {manager.py:997} INFO - 
================================================================================
DAG File Processing Stats

File Path                                         PID    Runtime      # DAGs    # Errors  Last Runtime    Last Run               Last # of DB Queries
------------------------------------------------  -----  ---------  --------  ----------  --------------  -------------------  ----------------------
/home/kyuseok00/final/airflow/dags/similarity.py                           1           0  1.21s           2024-12-06T03:11:57                      12
/home/kyuseok00/final/airflow/dags/spotify.py                              1           0  0.21s           2024-12-06T03:11:27                      12
================================================================================
[2024-12-06T12:12:29.290+0900] {manager.py:997} INFO - 
================================================================================
DAG File Processing Stats

File Path                                         PID    Runtime      # DAGs    # Errors  Last Runtime    Last Run               Last # of DB Queries
------------------------------------------------  -----  ---------  --------  ----------  --------------  -------------------  ----------------------
/home/kyuseok00/final/airflow/dags/similarity.py                           1           0  1.21s           2024-12-06T03:12:29                      12
/home/kyuseok00/final/airflow/dags/spotify.py                              1           0  0.32s           2024-12-06T03:11:59                      12
================================================================================
[2024-12-06T12:13:00.512+0900] {manager.py:997} INFO - 
================================================================================
DAG File Processing Stats

File Path                                         PID    Runtime      # DAGs    # Errors  Last Runtime    Last Run               Last # of DB Queries
------------------------------------------------  -----  ---------  --------  ----------  --------------  -------------------  ----------------------
/home/kyuseok00/final/airflow/dags/similarity.py                           1           0  1.11s           2024-12-06T03:13:00                      12
/home/kyuseok00/final/airflow/dags/spotify.py                              1           0  0.21s           2024-12-06T03:12:30                      12
================================================================================
[2024-12-06T12:13:31.815+0900] {manager.py:997} INFO - 
================================================================================
DAG File Processing Stats

File Path                                         PID    Runtime      # DAGs    # Errors  Last Runtime    Last Run               Last # of DB Queries
------------------------------------------------  -----  ---------  --------  ----------  --------------  -------------------  ----------------------
/home/kyuseok00/final/airflow/dags/similarity.py                           1           0  1.21s           2024-12-06T03:13:31                      12
/home/kyuseok00/final/airflow/dags/spotify.py                              1           0  0.20s           2024-12-06T03:13:01                      12
================================================================================
[2024-12-06T12:13:35.074+0900] {manager.py:821} INFO - Searching for files in /home/kyuseok00/final/airflow/dags
[2024-12-06T12:13:35.077+0900] {manager.py:824} INFO - There are 2 files in /home/kyuseok00/final/airflow/dags
[2024-12-06T12:14:02.926+0900] {manager.py:997} INFO - 
================================================================================
DAG File Processing Stats

File Path                                         PID    Runtime      # DAGs    # Errors  Last Runtime    Last Run               Last # of DB Queries
------------------------------------------------  -----  ---------  --------  ----------  --------------  -------------------  ----------------------
/home/kyuseok00/final/airflow/dags/similarity.py                           1           0  1.01s           2024-12-06T03:14:02                      12
/home/kyuseok00/final/airflow/dags/spotify.py                              1           0  0.21s           2024-12-06T03:13:32                      12
================================================================================
[2024-12-06T12:14:34.215+0900] {manager.py:997} INFO - 
================================================================================
DAG File Processing Stats

File Path                                         PID    Runtime      # DAGs    # Errors  Last Runtime    Last Run               Last # of DB Queries
------------------------------------------------  -----  ---------  --------  ----------  --------------  -------------------  ----------------------
/home/kyuseok00/final/airflow/dags/similarity.py                           1           0  1.21s           2024-12-06T03:14:34                      12
/home/kyuseok00/final/airflow/dags/spotify.py                              1           0  0.21s           2024-12-06T03:14:04                      12
================================================================================
[2024-12-06T12:15:05.509+0900] {manager.py:997} INFO - 
================================================================================
DAG File Processing Stats

File Path                                         PID    Runtime      # DAGs    # Errors  Last Runtime    Last Run               Last # of DB Queries
------------------------------------------------  -----  ---------  --------  ----------  --------------  -------------------  ----------------------
/home/kyuseok00/final/airflow/dags/similarity.py                           1           0  1.21s           2024-12-06T03:15:05                      12
/home/kyuseok00/final/airflow/dags/spotify.py                              1           0  0.10s           2024-12-06T03:14:35                      12
================================================================================
[2024-12-06T12:15:35.521+0900] {manager.py:997} INFO - 
================================================================================
DAG File Processing Stats

File Path                                         PID    Runtime      # DAGs    # Errors  Last Runtime    Last Run               Last # of DB Queries
------------------------------------------------  -----  ---------  --------  ----------  --------------  -------------------  ----------------------
/home/kyuseok00/final/airflow/dags/similarity.py                           1           0  1.21s           2024-12-06T03:15:05                      12
/home/kyuseok00/final/airflow/dags/spotify.py                              1           0  0.21s           2024-12-06T03:15:06                      12
================================================================================
[2024-12-06T12:16:05.838+0900] {manager.py:997} INFO - 
================================================================================
DAG File Processing Stats

File Path                                         PID    Runtime      # DAGs    # Errors  Last Runtime    Last Run               Last # of DB Queries
------------------------------------------------  -----  ---------  --------  ----------  --------------  -------------------  ----------------------
/home/kyuseok00/final/airflow/dags/similarity.py                           1           0  5.91s           2024-12-06T03:15:41                      12
/home/kyuseok00/final/airflow/dags/spotify.py                              1           0  0.42s           2024-12-06T03:15:43                      12
================================================================================
[2024-12-06T12:16:36.842+0900] {manager.py:997} INFO - 
================================================================================
DAG File Processing Stats

File Path                                         PID    Runtime      # DAGs    # Errors  Last Runtime    Last Run               Last # of DB Queries
------------------------------------------------  -----  ---------  --------  ----------  --------------  -------------------  ----------------------
/home/kyuseok00/final/airflow/dags/similarity.py                           1           0  16.72s          2024-12-06T03:16:28                      12
/home/kyuseok00/final/airflow/dags/spotify.py                              1           0  0.43s           2024-12-06T03:16:30                      12
================================================================================
[2024-12-06T12:17:07.715+0900] {manager.py:997} INFO - 
================================================================================
DAG File Processing Stats

File Path                                         PID    Runtime      # DAGs    # Errors  Last Runtime    Last Run               Last # of DB Queries
------------------------------------------------  -----  ---------  --------  ----------  --------------  -------------------  ----------------------
/home/kyuseok00/final/airflow/dags/similarity.py                           1           0  1.41s           2024-12-06T03:17:00                      12
/home/kyuseok00/final/airflow/dags/spotify.py                              1           0  0.20s           2024-12-06T03:17:01                      12
================================================================================
[2024-12-06T12:17:38.117+0900] {manager.py:997} INFO - 
================================================================================
DAG File Processing Stats

File Path                                         PID    Runtime      # DAGs    # Errors  Last Runtime    Last Run               Last # of DB Queries
------------------------------------------------  -----  ---------  --------  ----------  --------------  -------------------  ----------------------
/home/kyuseok00/final/airflow/dags/similarity.py                           1           0  1.42s           2024-12-06T03:17:31                      12
/home/kyuseok00/final/airflow/dags/spotify.py                              1           0  0.21s           2024-12-06T03:17:33                      12
================================================================================
[2024-12-06T12:18:08.317+0900] {manager.py:997} INFO - 
================================================================================
DAG File Processing Stats

File Path                                         PID    Runtime      # DAGs    # Errors  Last Runtime    Last Run               Last # of DB Queries
------------------------------------------------  -----  ---------  --------  ----------  --------------  -------------------  ----------------------
/home/kyuseok00/final/airflow/dags/similarity.py                           1           0  1.21s           2024-12-06T03:18:03                      12
/home/kyuseok00/final/airflow/dags/spotify.py                              1           0  0.20s           2024-12-06T03:18:04                      12
================================================================================
[2024-12-06T12:18:38.908+0900] {manager.py:821} INFO - Searching for files in /home/kyuseok00/final/airflow/dags
[2024-12-06T12:18:38.920+0900] {manager.py:824} INFO - There are 2 files in /home/kyuseok00/final/airflow/dags
[2024-12-06T12:18:39.259+0900] {manager.py:997} INFO - 
================================================================================
DAG File Processing Stats

File Path                                         PID    Runtime      # DAGs    # Errors  Last Runtime    Last Run               Last # of DB Queries
------------------------------------------------  -----  ---------  --------  ----------  --------------  -------------------  ----------------------
/home/kyuseok00/final/airflow/dags/similarity.py                           1           0  4.29s           2024-12-06T03:18:37                      12
/home/kyuseok00/final/airflow/dags/spotify.py                              1           0  0.31s           2024-12-06T03:18:39                      12
================================================================================
[2024-12-06T12:19:09.580+0900] {manager.py:997} INFO - 
================================================================================
DAG File Processing Stats

File Path                                         PID    Runtime      # DAGs    # Errors  Last Runtime    Last Run               Last # of DB Queries
------------------------------------------------  -----  ---------  --------  ----------  --------------  -------------------  ----------------------
/home/kyuseok00/final/airflow/dags/similarity.py                           1           0  1.71s           2024-12-06T03:19:09                      12
/home/kyuseok00/final/airflow/dags/spotify.py                              1           0  0.31s           2024-12-06T03:18:39                      12
================================================================================
[2024-12-06T12:19:41.405+0900] {manager.py:997} INFO - 
================================================================================
DAG File Processing Stats

File Path                                         PID    Runtime      # DAGs    # Errors  Last Runtime    Last Run               Last # of DB Queries
------------------------------------------------  -----  ---------  --------  ----------  --------------  -------------------  ----------------------
/home/kyuseok00/final/airflow/dags/similarity.py                           1           0  1.70s           2024-12-06T03:19:41                      12
/home/kyuseok00/final/airflow/dags/spotify.py                              1           0  0.31s           2024-12-06T03:19:10                      12
================================================================================
[2024-12-06T12:20:13.225+0900] {manager.py:997} INFO - 
================================================================================
DAG File Processing Stats

File Path                                         PID    Runtime      # DAGs    # Errors  Last Runtime    Last Run               Last # of DB Queries
------------------------------------------------  -----  ---------  --------  ----------  --------------  -------------------  ----------------------
/home/kyuseok00/final/airflow/dags/similarity.py                           1           0  1.61s           2024-12-06T03:20:13                      12
/home/kyuseok00/final/airflow/dags/spotify.py                              1           0  0.22s           2024-12-06T03:19:42                      12
================================================================================
[2024-12-06T12:20:44.714+0900] {manager.py:997} INFO - 
================================================================================
DAG File Processing Stats

File Path                                         PID    Runtime      # DAGs    # Errors  Last Runtime    Last Run               Last # of DB Queries
------------------------------------------------  -----  ---------  --------  ----------  --------------  -------------------  ----------------------
/home/kyuseok00/final/airflow/dags/similarity.py                           1           0  1.41s           2024-12-06T03:20:44                      12
/home/kyuseok00/final/airflow/dags/spotify.py                              1           0  0.21s           2024-12-06T03:20:14                      12
================================================================================
[2024-12-06T12:21:17.514+0900] {manager.py:997} INFO - 
================================================================================
DAG File Processing Stats

File Path                                         PID    Runtime      # DAGs    # Errors  Last Runtime    Last Run               Last # of DB Queries
------------------------------------------------  -----  ---------  --------  ----------  --------------  -------------------  ----------------------
/home/kyuseok00/final/airflow/dags/similarity.py                           1           0  2.53s           2024-12-06T03:21:17                      12
/home/kyuseok00/final/airflow/dags/spotify.py                              1           0  0.31s           2024-12-06T03:20:46                      12
================================================================================
[2024-12-06T12:21:49.645+0900] {manager.py:997} INFO - 
================================================================================
DAG File Processing Stats

File Path                                         PID    Runtime      # DAGs    # Errors  Last Runtime    Last Run               Last # of DB Queries
------------------------------------------------  -----  ---------  --------  ----------  --------------  -------------------  ----------------------
/home/kyuseok00/final/airflow/dags/similarity.py                           1           0  1.93s           2024-12-06T03:21:49                      12
/home/kyuseok00/final/airflow/dags/spotify.py                              1           0  0.31s           2024-12-06T03:21:18                      12
================================================================================
[2024-12-06T12:22:21.454+0900] {manager.py:997} INFO - 
================================================================================
DAG File Processing Stats

File Path                                         PID    Runtime      # DAGs    # Errors  Last Runtime    Last Run               Last # of DB Queries
------------------------------------------------  -----  ---------  --------  ----------  --------------  -------------------  ----------------------
/home/kyuseok00/final/airflow/dags/similarity.py                           1           0  1.71s           2024-12-06T03:22:21                      12
/home/kyuseok00/final/airflow/dags/spotify.py                              1           0  0.21s           2024-12-06T03:21:50                      12
================================================================================
[2024-12-06T12:22:52.655+0900] {manager.py:997} INFO - 
================================================================================
DAG File Processing Stats

File Path                                         PID    Runtime      # DAGs    # Errors  Last Runtime    Last Run               Last # of DB Queries
------------------------------------------------  -----  ---------  --------  ----------  --------------  -------------------  ----------------------
/home/kyuseok00/final/airflow/dags/similarity.py                           1           0  1.11s           2024-12-06T03:22:52                      12
/home/kyuseok00/final/airflow/dags/spotify.py                              1           0  0.20s           2024-12-06T03:22:22                      12
================================================================================
[2024-12-06T12:23:23.858+0900] {manager.py:997} INFO - 
================================================================================
DAG File Processing Stats

File Path                                         PID    Runtime      # DAGs    # Errors  Last Runtime    Last Run               Last # of DB Queries
------------------------------------------------  -----  ---------  --------  ----------  --------------  -------------------  ----------------------
/home/kyuseok00/final/airflow/dags/similarity.py                           1           0  1.11s           2024-12-06T03:23:23                      12
/home/kyuseok00/final/airflow/dags/spotify.py                              1           0  0.20s           2024-12-06T03:22:53                      12
================================================================================
[2024-12-06T12:23:40.017+0900] {manager.py:821} INFO - Searching for files in /home/kyuseok00/final/airflow/dags
[2024-12-06T12:23:40.038+0900] {manager.py:824} INFO - There are 2 files in /home/kyuseok00/final/airflow/dags
[2024-12-06T12:23:55.523+0900] {manager.py:997} INFO - 
================================================================================
DAG File Processing Stats

File Path                                         PID    Runtime      # DAGs    # Errors  Last Runtime    Last Run               Last # of DB Queries
------------------------------------------------  -----  ---------  --------  ----------  --------------  -------------------  ----------------------
/home/kyuseok00/final/airflow/dags/similarity.py                           1           0  1.51s           2024-12-06T03:23:55                      12
/home/kyuseok00/final/airflow/dags/spotify.py                              1           0  0.20s           2024-12-06T03:23:25                      12
================================================================================
[2024-12-06T12:24:26.827+0900] {manager.py:997} INFO - 
================================================================================
DAG File Processing Stats

File Path                                         PID    Runtime      # DAGs    # Errors  Last Runtime    Last Run               Last # of DB Queries
------------------------------------------------  -----  ---------  --------  ----------  --------------  -------------------  ----------------------
/home/kyuseok00/final/airflow/dags/similarity.py                           1           0  1.22s           2024-12-06T03:24:26                      12
/home/kyuseok00/final/airflow/dags/spotify.py                              1           0  0.43s           2024-12-06T03:23:57                      12
================================================================================
[2024-12-06T12:24:57.955+0900] {manager.py:997} INFO - 
================================================================================
DAG File Processing Stats

File Path                                         PID    Runtime      # DAGs    # Errors  Last Runtime    Last Run               Last # of DB Queries
------------------------------------------------  -----  ---------  --------  ----------  --------------  -------------------  ----------------------
/home/kyuseok00/final/airflow/dags/similarity.py                           1           0  1.01s           2024-12-06T03:24:57                      12
/home/kyuseok00/final/airflow/dags/spotify.py                              1           0  0.20s           2024-12-06T03:24:28                      12
================================================================================
[2024-12-06T12:25:29.973+0900] {manager.py:997} INFO - 
================================================================================
DAG File Processing Stats

File Path                                         PID    Runtime      # DAGs    # Errors  Last Runtime    Last Run               Last # of DB Queries
------------------------------------------------  -----  ---------  --------  ----------  --------------  -------------------  ----------------------
/home/kyuseok00/final/airflow/dags/similarity.py                           1           0  1.92s           2024-12-06T03:25:29                      12
/home/kyuseok00/final/airflow/dags/spotify.py                              1           0  0.20s           2024-12-06T03:24:59                      12
================================================================================
[2024-12-06T12:26:01.209+0900] {manager.py:997} INFO - 
================================================================================
DAG File Processing Stats

File Path                                         PID    Runtime      # DAGs    # Errors  Last Runtime    Last Run               Last # of DB Queries
------------------------------------------------  -----  ---------  --------  ----------  --------------  -------------------  ----------------------
/home/kyuseok00/final/airflow/dags/similarity.py                           1           0  1.11s           2024-12-06T03:26:01                      12
/home/kyuseok00/final/airflow/dags/spotify.py                              1           0  0.20s           2024-12-06T03:25:31                      12
================================================================================
[2024-12-06T12:26:29.624+0900] {manager.py:465} INFO - Exiting gracefully upon receiving signal 15
