[2024-12-06T11:51:54.586+0900] {processor.py:186} INFO - Started process (PID=127787) to work on /home/kyuseok00/final/airflow/dags/similarity.py
[2024-12-06T11:51:54.587+0900] {processor.py:914} INFO - Processing file /home/kyuseok00/final/airflow/dags/similarity.py for tasks to queue
[2024-12-06T11:51:54.591+0900] {logging_mixin.py:190} INFO - [2024-12-06T11:51:54.590+0900] {dagbag.py:588} INFO - Filling up the DagBag from /home/kyuseok00/final/airflow/dags/similarity.py
[2024-12-06T11:51:56.776+0900] {processor.py:925} INFO - DAG(s) 'user_similarity' retrieved from /home/kyuseok00/final/airflow/dags/similarity.py
[2024-12-06T11:51:57.130+0900] {logging_mixin.py:190} INFO - [2024-12-06T11:51:57.130+0900] {override.py:1900} INFO - Created Permission View: can read on DAG:user_similarity
[2024-12-06T11:51:57.150+0900] {logging_mixin.py:190} INFO - [2024-12-06T11:51:57.150+0900] {override.py:1900} INFO - Created Permission View: can delete on DAG:user_similarity
[2024-12-06T11:51:57.173+0900] {logging_mixin.py:190} INFO - [2024-12-06T11:51:57.171+0900] {override.py:1900} INFO - Created Permission View: can edit on DAG:user_similarity
[2024-12-06T11:51:57.309+0900] {logging_mixin.py:190} INFO - [2024-12-06T11:51:57.307+0900] {override.py:1900} INFO - Created Permission View: can read on DAG Run:user_similarity
[2024-12-06T11:51:57.483+0900] {logging_mixin.py:190} INFO - [2024-12-06T11:51:57.482+0900] {override.py:1900} INFO - Created Permission View: can delete on DAG Run:user_similarity
[2024-12-06T11:51:57.565+0900] {logging_mixin.py:190} INFO - [2024-12-06T11:51:57.561+0900] {override.py:1900} INFO - Created Permission View: menu access on DAG Run:user_similarity
[2024-12-06T11:51:57.603+0900] {logging_mixin.py:190} INFO - [2024-12-06T11:51:57.602+0900] {override.py:1900} INFO - Created Permission View: can create on DAG Run:user_similarity
[2024-12-06T11:51:57.605+0900] {logging_mixin.py:190} INFO - [2024-12-06T11:51:57.604+0900] {dag.py:3239} INFO - Sync 1 DAGs
[2024-12-06T11:51:57.673+0900] {logging_mixin.py:190} INFO - [2024-12-06T11:51:57.670+0900] {dag.py:3262} INFO - Creating ORM DAG for user_similarity
[2024-12-06T11:51:57.702+0900] {logging_mixin.py:190} INFO - [2024-12-06T11:51:57.702+0900] {dag.py:4180} INFO - Setting next_dagrun for user_similarity to 2024-12-05 00:00:00+00:00, run_after=2024-12-06 00:00:00+00:00
[2024-12-06T11:51:57.761+0900] {processor.py:208} INFO - Processing /home/kyuseok00/final/airflow/dags/similarity.py took 3.184 seconds
[2024-12-06T11:52:28.293+0900] {processor.py:186} INFO - Started process (PID=128099) to work on /home/kyuseok00/final/airflow/dags/similarity.py
[2024-12-06T11:52:28.299+0900] {processor.py:914} INFO - Processing file /home/kyuseok00/final/airflow/dags/similarity.py for tasks to queue
[2024-12-06T11:52:28.309+0900] {logging_mixin.py:190} INFO - [2024-12-06T11:52:28.308+0900] {dagbag.py:588} INFO - Filling up the DagBag from /home/kyuseok00/final/airflow/dags/similarity.py
[2024-12-06T11:52:29.554+0900] {processor.py:925} INFO - DAG(s) 'user_similarity' retrieved from /home/kyuseok00/final/airflow/dags/similarity.py
[2024-12-06T11:52:29.576+0900] {logging_mixin.py:190} INFO - [2024-12-06T11:52:29.575+0900] {dag.py:3239} INFO - Sync 1 DAGs
[2024-12-06T11:52:29.593+0900] {logging_mixin.py:190} INFO - [2024-12-06T11:52:29.593+0900] {dag.py:4180} INFO - Setting next_dagrun for user_similarity to 2024-12-05 00:00:00+00:00, run_after=2024-12-06 00:00:00+00:00
[2024-12-06T11:52:29.621+0900] {processor.py:208} INFO - Processing /home/kyuseok00/final/airflow/dags/similarity.py took 1.353 seconds
[2024-12-06T11:53:31.169+0900] {processor.py:186} INFO - Started process (PID=129318) to work on /home/kyuseok00/final/airflow/dags/similarity.py
[2024-12-06T11:53:31.172+0900] {processor.py:914} INFO - Processing file /home/kyuseok00/final/airflow/dags/similarity.py for tasks to queue
[2024-12-06T11:53:31.175+0900] {logging_mixin.py:190} INFO - [2024-12-06T11:53:31.175+0900] {dagbag.py:588} INFO - Filling up the DagBag from /home/kyuseok00/final/airflow/dags/similarity.py
[2024-12-06T11:53:32.226+0900] {processor.py:925} INFO - DAG(s) 'user_similarity' retrieved from /home/kyuseok00/final/airflow/dags/similarity.py
[2024-12-06T11:53:32.251+0900] {logging_mixin.py:190} INFO - [2024-12-06T11:53:32.250+0900] {dag.py:3239} INFO - Sync 1 DAGs
[2024-12-06T11:53:32.279+0900] {logging_mixin.py:190} INFO - [2024-12-06T11:53:32.279+0900] {dag.py:4180} INFO - Setting next_dagrun for user_similarity to 2024-12-05 00:00:00+00:00, run_after=2024-12-06 00:00:00+00:00
[2024-12-06T11:53:32.307+0900] {processor.py:208} INFO - Processing /home/kyuseok00/final/airflow/dags/similarity.py took 1.150 seconds
[2024-12-06T11:54:02.413+0900] {processor.py:186} INFO - Started process (PID=129561) to work on /home/kyuseok00/final/airflow/dags/similarity.py
[2024-12-06T11:54:02.423+0900] {processor.py:914} INFO - Processing file /home/kyuseok00/final/airflow/dags/similarity.py for tasks to queue
[2024-12-06T11:54:02.436+0900] {logging_mixin.py:190} INFO - [2024-12-06T11:54:02.433+0900] {dagbag.py:588} INFO - Filling up the DagBag from /home/kyuseok00/final/airflow/dags/similarity.py
[2024-12-06T11:54:03.601+0900] {processor.py:925} INFO - DAG(s) 'user_similarity' retrieved from /home/kyuseok00/final/airflow/dags/similarity.py
[2024-12-06T11:54:03.625+0900] {logging_mixin.py:190} INFO - [2024-12-06T11:54:03.624+0900] {dag.py:3239} INFO - Sync 1 DAGs
[2024-12-06T11:54:03.645+0900] {logging_mixin.py:190} INFO - [2024-12-06T11:54:03.644+0900] {dag.py:4180} INFO - Setting next_dagrun for user_similarity to 2024-12-05 00:00:00+00:00, run_after=2024-12-06 00:00:00+00:00
[2024-12-06T11:54:03.682+0900] {processor.py:208} INFO - Processing /home/kyuseok00/final/airflow/dags/similarity.py took 1.279 seconds
[2024-12-06T11:54:34.250+0900] {processor.py:186} INFO - Started process (PID=130720) to work on /home/kyuseok00/final/airflow/dags/similarity.py
[2024-12-06T11:54:34.260+0900] {processor.py:914} INFO - Processing file /home/kyuseok00/final/airflow/dags/similarity.py for tasks to queue
[2024-12-06T11:54:34.263+0900] {logging_mixin.py:190} INFO - [2024-12-06T11:54:34.262+0900] {dagbag.py:588} INFO - Filling up the DagBag from /home/kyuseok00/final/airflow/dags/similarity.py
[2024-12-06T11:54:35.055+0900] {processor.py:925} INFO - DAG(s) 'user_similarity' retrieved from /home/kyuseok00/final/airflow/dags/similarity.py
[2024-12-06T11:54:35.072+0900] {logging_mixin.py:190} INFO - [2024-12-06T11:54:35.072+0900] {dag.py:3239} INFO - Sync 1 DAGs
[2024-12-06T11:54:35.091+0900] {logging_mixin.py:190} INFO - [2024-12-06T11:54:35.090+0900] {dag.py:4180} INFO - Setting next_dagrun for user_similarity to 2024-12-06 00:00:00+00:00, run_after=2024-12-07 00:00:00+00:00
[2024-12-06T11:54:35.121+0900] {processor.py:208} INFO - Processing /home/kyuseok00/final/airflow/dags/similarity.py took 0.878 seconds
[2024-12-06T11:55:05.221+0900] {processor.py:186} INFO - Started process (PID=131027) to work on /home/kyuseok00/final/airflow/dags/similarity.py
[2024-12-06T11:55:05.231+0900] {processor.py:914} INFO - Processing file /home/kyuseok00/final/airflow/dags/similarity.py for tasks to queue
[2024-12-06T11:55:05.235+0900] {logging_mixin.py:190} INFO - [2024-12-06T11:55:05.234+0900] {dagbag.py:588} INFO - Filling up the DagBag from /home/kyuseok00/final/airflow/dags/similarity.py
[2024-12-06T11:55:06.223+0900] {processor.py:925} INFO - DAG(s) 'user_similarity' retrieved from /home/kyuseok00/final/airflow/dags/similarity.py
[2024-12-06T11:55:06.242+0900] {logging_mixin.py:190} INFO - [2024-12-06T11:55:06.242+0900] {dag.py:3239} INFO - Sync 1 DAGs
[2024-12-06T11:55:06.266+0900] {logging_mixin.py:190} INFO - [2024-12-06T11:55:06.266+0900] {dag.py:4180} INFO - Setting next_dagrun for user_similarity to 2024-12-06 00:00:00+00:00, run_after=2024-12-07 00:00:00+00:00
[2024-12-06T11:55:06.292+0900] {processor.py:208} INFO - Processing /home/kyuseok00/final/airflow/dags/similarity.py took 1.080 seconds
[2024-12-06T11:55:36.473+0900] {processor.py:186} INFO - Started process (PID=131533) to work on /home/kyuseok00/final/airflow/dags/similarity.py
[2024-12-06T11:55:36.475+0900] {processor.py:914} INFO - Processing file /home/kyuseok00/final/airflow/dags/similarity.py for tasks to queue
[2024-12-06T11:55:36.478+0900] {logging_mixin.py:190} INFO - [2024-12-06T11:55:36.478+0900] {dagbag.py:588} INFO - Filling up the DagBag from /home/kyuseok00/final/airflow/dags/similarity.py
[2024-12-06T11:55:37.362+0900] {processor.py:925} INFO - DAG(s) 'user_similarity' retrieved from /home/kyuseok00/final/airflow/dags/similarity.py
[2024-12-06T11:55:37.377+0900] {logging_mixin.py:190} INFO - [2024-12-06T11:55:37.376+0900] {dag.py:3239} INFO - Sync 1 DAGs
[2024-12-06T11:55:37.396+0900] {logging_mixin.py:190} INFO - [2024-12-06T11:55:37.395+0900] {dag.py:4180} INFO - Setting next_dagrun for user_similarity to 2024-12-06 00:00:00+00:00, run_after=2024-12-07 00:00:00+00:00
[2024-12-06T11:55:37.414+0900] {processor.py:208} INFO - Processing /home/kyuseok00/final/airflow/dags/similarity.py took 0.949 seconds
[2024-12-06T11:56:07.587+0900] {processor.py:186} INFO - Started process (PID=132243) to work on /home/kyuseok00/final/airflow/dags/similarity.py
[2024-12-06T11:56:07.588+0900] {processor.py:914} INFO - Processing file /home/kyuseok00/final/airflow/dags/similarity.py for tasks to queue
[2024-12-06T11:56:07.591+0900] {logging_mixin.py:190} INFO - [2024-12-06T11:56:07.591+0900] {dagbag.py:588} INFO - Filling up the DagBag from /home/kyuseok00/final/airflow/dags/similarity.py
[2024-12-06T11:56:08.509+0900] {processor.py:925} INFO - DAG(s) 'user_similarity' retrieved from /home/kyuseok00/final/airflow/dags/similarity.py
[2024-12-06T11:56:08.576+0900] {logging_mixin.py:190} INFO - [2024-12-06T11:56:08.575+0900] {dag.py:3239} INFO - Sync 1 DAGs
[2024-12-06T11:56:08.612+0900] {logging_mixin.py:190} INFO - [2024-12-06T11:56:08.611+0900] {dag.py:4180} INFO - Setting next_dagrun for user_similarity to 2024-12-06 00:00:00+00:00, run_after=2024-12-07 00:00:00+00:00
[2024-12-06T11:56:08.649+0900] {processor.py:208} INFO - Processing /home/kyuseok00/final/airflow/dags/similarity.py took 1.070 seconds
[2024-12-06T11:56:38.845+0900] {processor.py:186} INFO - Started process (PID=133154) to work on /home/kyuseok00/final/airflow/dags/similarity.py
[2024-12-06T11:56:38.855+0900] {processor.py:914} INFO - Processing file /home/kyuseok00/final/airflow/dags/similarity.py for tasks to queue
[2024-12-06T11:56:38.858+0900] {logging_mixin.py:190} INFO - [2024-12-06T11:56:38.857+0900] {dagbag.py:588} INFO - Filling up the DagBag from /home/kyuseok00/final/airflow/dags/similarity.py
[2024-12-06T11:56:39.679+0900] {processor.py:925} INFO - DAG(s) 'user_similarity' retrieved from /home/kyuseok00/final/airflow/dags/similarity.py
[2024-12-06T11:56:39.697+0900] {logging_mixin.py:190} INFO - [2024-12-06T11:56:39.696+0900] {dag.py:3239} INFO - Sync 1 DAGs
[2024-12-06T11:56:39.716+0900] {logging_mixin.py:190} INFO - [2024-12-06T11:56:39.715+0900] {dag.py:4180} INFO - Setting next_dagrun for user_similarity to 2024-12-06 00:00:00+00:00, run_after=2024-12-07 00:00:00+00:00
[2024-12-06T11:56:39.746+0900] {processor.py:208} INFO - Processing /home/kyuseok00/final/airflow/dags/similarity.py took 0.912 seconds
[2024-12-06T11:57:10.007+0900] {processor.py:186} INFO - Started process (PID=134014) to work on /home/kyuseok00/final/airflow/dags/similarity.py
[2024-12-06T11:57:10.016+0900] {processor.py:914} INFO - Processing file /home/kyuseok00/final/airflow/dags/similarity.py for tasks to queue
[2024-12-06T11:57:10.020+0900] {logging_mixin.py:190} INFO - [2024-12-06T11:57:10.019+0900] {dagbag.py:588} INFO - Filling up the DagBag from /home/kyuseok00/final/airflow/dags/similarity.py
[2024-12-06T11:57:10.878+0900] {processor.py:925} INFO - DAG(s) 'user_similarity' retrieved from /home/kyuseok00/final/airflow/dags/similarity.py
[2024-12-06T11:57:10.894+0900] {logging_mixin.py:190} INFO - [2024-12-06T11:57:10.894+0900] {dag.py:3239} INFO - Sync 1 DAGs
[2024-12-06T11:57:10.911+0900] {logging_mixin.py:190} INFO - [2024-12-06T11:57:10.910+0900] {dag.py:4180} INFO - Setting next_dagrun for user_similarity to 2024-12-06 00:00:00+00:00, run_after=2024-12-07 00:00:00+00:00
[2024-12-06T11:57:10.941+0900] {processor.py:208} INFO - Processing /home/kyuseok00/final/airflow/dags/similarity.py took 0.947 seconds
[2024-12-06T11:57:41.164+0900] {processor.py:186} INFO - Started process (PID=134394) to work on /home/kyuseok00/final/airflow/dags/similarity.py
[2024-12-06T11:57:41.167+0900] {processor.py:914} INFO - Processing file /home/kyuseok00/final/airflow/dags/similarity.py for tasks to queue
[2024-12-06T11:57:41.170+0900] {logging_mixin.py:190} INFO - [2024-12-06T11:57:41.170+0900] {dagbag.py:588} INFO - Filling up the DagBag from /home/kyuseok00/final/airflow/dags/similarity.py
[2024-12-06T11:57:42.059+0900] {processor.py:925} INFO - DAG(s) 'user_similarity' retrieved from /home/kyuseok00/final/airflow/dags/similarity.py
[2024-12-06T11:57:42.079+0900] {logging_mixin.py:190} INFO - [2024-12-06T11:57:42.079+0900] {dag.py:3239} INFO - Sync 1 DAGs
[2024-12-06T11:57:42.096+0900] {logging_mixin.py:190} INFO - [2024-12-06T11:57:42.096+0900] {dag.py:4180} INFO - Setting next_dagrun for user_similarity to 2024-12-06 00:00:00+00:00, run_after=2024-12-07 00:00:00+00:00
[2024-12-06T11:57:42.130+0900] {processor.py:208} INFO - Processing /home/kyuseok00/final/airflow/dags/similarity.py took 0.979 seconds
[2024-12-06T11:58:12.324+0900] {processor.py:186} INFO - Started process (PID=134773) to work on /home/kyuseok00/final/airflow/dags/similarity.py
[2024-12-06T11:58:12.333+0900] {processor.py:914} INFO - Processing file /home/kyuseok00/final/airflow/dags/similarity.py for tasks to queue
[2024-12-06T11:58:12.335+0900] {logging_mixin.py:190} INFO - [2024-12-06T11:58:12.335+0900] {dagbag.py:588} INFO - Filling up the DagBag from /home/kyuseok00/final/airflow/dags/similarity.py
[2024-12-06T11:58:13.149+0900] {processor.py:925} INFO - DAG(s) 'user_similarity' retrieved from /home/kyuseok00/final/airflow/dags/similarity.py
[2024-12-06T11:58:13.174+0900] {logging_mixin.py:190} INFO - [2024-12-06T11:58:13.173+0900] {dag.py:3239} INFO - Sync 1 DAGs
[2024-12-06T11:58:13.197+0900] {logging_mixin.py:190} INFO - [2024-12-06T11:58:13.197+0900] {dag.py:4180} INFO - Setting next_dagrun for user_similarity to 2024-12-06 00:00:00+00:00, run_after=2024-12-07 00:00:00+00:00
[2024-12-06T11:58:13.230+0900] {processor.py:208} INFO - Processing /home/kyuseok00/final/airflow/dags/similarity.py took 0.913 seconds
[2024-12-06T11:58:43.506+0900] {processor.py:186} INFO - Started process (PID=135565) to work on /home/kyuseok00/final/airflow/dags/similarity.py
[2024-12-06T11:58:43.516+0900] {processor.py:914} INFO - Processing file /home/kyuseok00/final/airflow/dags/similarity.py for tasks to queue
[2024-12-06T11:58:43.520+0900] {logging_mixin.py:190} INFO - [2024-12-06T11:58:43.520+0900] {dagbag.py:588} INFO - Filling up the DagBag from /home/kyuseok00/final/airflow/dags/similarity.py
[2024-12-06T11:58:44.590+0900] {processor.py:925} INFO - DAG(s) 'user_similarity' retrieved from /home/kyuseok00/final/airflow/dags/similarity.py
[2024-12-06T11:58:44.613+0900] {logging_mixin.py:190} INFO - [2024-12-06T11:58:44.612+0900] {dag.py:3239} INFO - Sync 1 DAGs
[2024-12-06T11:58:44.639+0900] {logging_mixin.py:190} INFO - [2024-12-06T11:58:44.638+0900] {dag.py:4180} INFO - Setting next_dagrun for user_similarity to 2024-12-06 00:00:00+00:00, run_after=2024-12-07 00:00:00+00:00
[2024-12-06T11:58:44.671+0900] {processor.py:208} INFO - Processing /home/kyuseok00/final/airflow/dags/similarity.py took 1.177 seconds
[2024-12-06T11:59:14.823+0900] {processor.py:186} INFO - Started process (PID=136483) to work on /home/kyuseok00/final/airflow/dags/similarity.py
[2024-12-06T11:59:14.832+0900] {processor.py:914} INFO - Processing file /home/kyuseok00/final/airflow/dags/similarity.py for tasks to queue
[2024-12-06T11:59:14.835+0900] {logging_mixin.py:190} INFO - [2024-12-06T11:59:14.834+0900] {dagbag.py:588} INFO - Filling up the DagBag from /home/kyuseok00/final/airflow/dags/similarity.py
[2024-12-06T11:59:16.046+0900] {processor.py:925} INFO - DAG(s) 'user_similarity' retrieved from /home/kyuseok00/final/airflow/dags/similarity.py
[2024-12-06T11:59:16.066+0900] {logging_mixin.py:190} INFO - [2024-12-06T11:59:16.066+0900] {dag.py:3239} INFO - Sync 1 DAGs
[2024-12-06T11:59:16.090+0900] {logging_mixin.py:190} INFO - [2024-12-06T11:59:16.090+0900] {dag.py:4180} INFO - Setting next_dagrun for user_similarity to 2024-12-06 00:00:00+00:00, run_after=2024-12-07 00:00:00+00:00
[2024-12-06T11:59:16.117+0900] {processor.py:208} INFO - Processing /home/kyuseok00/final/airflow/dags/similarity.py took 1.302 seconds
[2024-12-06T11:59:46.308+0900] {processor.py:186} INFO - Started process (PID=136907) to work on /home/kyuseok00/final/airflow/dags/similarity.py
[2024-12-06T11:59:46.311+0900] {processor.py:914} INFO - Processing file /home/kyuseok00/final/airflow/dags/similarity.py for tasks to queue
[2024-12-06T11:59:46.314+0900] {logging_mixin.py:190} INFO - [2024-12-06T11:59:46.313+0900] {dagbag.py:588} INFO - Filling up the DagBag from /home/kyuseok00/final/airflow/dags/similarity.py
[2024-12-06T11:59:47.205+0900] {processor.py:925} INFO - DAG(s) 'user_similarity' retrieved from /home/kyuseok00/final/airflow/dags/similarity.py
[2024-12-06T11:59:47.223+0900] {logging_mixin.py:190} INFO - [2024-12-06T11:59:47.223+0900] {dag.py:3239} INFO - Sync 1 DAGs
[2024-12-06T11:59:47.242+0900] {logging_mixin.py:190} INFO - [2024-12-06T11:59:47.242+0900] {dag.py:4180} INFO - Setting next_dagrun for user_similarity to 2024-12-06 00:00:00+00:00, run_after=2024-12-07 00:00:00+00:00
[2024-12-06T11:59:47.267+0900] {processor.py:208} INFO - Processing /home/kyuseok00/final/airflow/dags/similarity.py took 0.969 seconds
[2024-12-06T12:00:17.436+0900] {processor.py:186} INFO - Started process (PID=137370) to work on /home/kyuseok00/final/airflow/dags/similarity.py
[2024-12-06T12:00:17.438+0900] {processor.py:914} INFO - Processing file /home/kyuseok00/final/airflow/dags/similarity.py for tasks to queue
[2024-12-06T12:00:17.442+0900] {logging_mixin.py:190} INFO - [2024-12-06T12:00:17.441+0900] {dagbag.py:588} INFO - Filling up the DagBag from /home/kyuseok00/final/airflow/dags/similarity.py
[2024-12-06T12:00:18.703+0900] {processor.py:925} INFO - DAG(s) 'user_similarity' retrieved from /home/kyuseok00/final/airflow/dags/similarity.py
[2024-12-06T12:00:18.729+0900] {logging_mixin.py:190} INFO - [2024-12-06T12:00:18.728+0900] {dag.py:3239} INFO - Sync 1 DAGs
[2024-12-06T12:00:18.751+0900] {logging_mixin.py:190} INFO - [2024-12-06T12:00:18.751+0900] {dag.py:4180} INFO - Setting next_dagrun for user_similarity to 2024-12-06 00:00:00+00:00, run_after=2024-12-07 00:00:00+00:00
[2024-12-06T12:00:18.780+0900] {processor.py:208} INFO - Processing /home/kyuseok00/final/airflow/dags/similarity.py took 1.353 seconds
[2024-12-06T12:00:48.984+0900] {processor.py:186} INFO - Started process (PID=138175) to work on /home/kyuseok00/final/airflow/dags/similarity.py
[2024-12-06T12:00:48.986+0900] {processor.py:914} INFO - Processing file /home/kyuseok00/final/airflow/dags/similarity.py for tasks to queue
[2024-12-06T12:00:48.989+0900] {logging_mixin.py:190} INFO - [2024-12-06T12:00:48.989+0900] {dagbag.py:588} INFO - Filling up the DagBag from /home/kyuseok00/final/airflow/dags/similarity.py
[2024-12-06T12:00:50.160+0900] {processor.py:925} INFO - DAG(s) 'user_similarity' retrieved from /home/kyuseok00/final/airflow/dags/similarity.py
[2024-12-06T12:00:50.185+0900] {logging_mixin.py:190} INFO - [2024-12-06T12:00:50.184+0900] {dag.py:3239} INFO - Sync 1 DAGs
[2024-12-06T12:00:50.221+0900] {logging_mixin.py:190} INFO - [2024-12-06T12:00:50.220+0900] {dag.py:4180} INFO - Setting next_dagrun for user_similarity to 2024-12-06 00:00:00+00:00, run_after=2024-12-07 00:00:00+00:00
[2024-12-06T12:00:50.250+0900] {processor.py:208} INFO - Processing /home/kyuseok00/final/airflow/dags/similarity.py took 1.275 seconds
[2024-12-06T12:01:20.396+0900] {processor.py:186} INFO - Started process (PID=138791) to work on /home/kyuseok00/final/airflow/dags/similarity.py
[2024-12-06T12:01:20.398+0900] {processor.py:914} INFO - Processing file /home/kyuseok00/final/airflow/dags/similarity.py for tasks to queue
[2024-12-06T12:01:20.400+0900] {logging_mixin.py:190} INFO - [2024-12-06T12:01:20.399+0900] {dagbag.py:588} INFO - Filling up the DagBag from /home/kyuseok00/final/airflow/dags/similarity.py
[2024-12-06T12:01:21.517+0900] {processor.py:925} INFO - DAG(s) 'user_similarity' retrieved from /home/kyuseok00/final/airflow/dags/similarity.py
[2024-12-06T12:01:21.535+0900] {logging_mixin.py:190} INFO - [2024-12-06T12:01:21.535+0900] {dag.py:3239} INFO - Sync 1 DAGs
[2024-12-06T12:01:21.556+0900] {logging_mixin.py:190} INFO - [2024-12-06T12:01:21.556+0900] {dag.py:4180} INFO - Setting next_dagrun for user_similarity to 2024-12-06 00:00:00+00:00, run_after=2024-12-07 00:00:00+00:00
[2024-12-06T12:01:21.581+0900] {processor.py:208} INFO - Processing /home/kyuseok00/final/airflow/dags/similarity.py took 1.191 seconds
[2024-12-06T12:01:51.704+0900] {processor.py:186} INFO - Started process (PID=139495) to work on /home/kyuseok00/final/airflow/dags/similarity.py
[2024-12-06T12:01:51.708+0900] {processor.py:914} INFO - Processing file /home/kyuseok00/final/airflow/dags/similarity.py for tasks to queue
[2024-12-06T12:01:51.715+0900] {logging_mixin.py:190} INFO - [2024-12-06T12:01:51.714+0900] {dagbag.py:588} INFO - Filling up the DagBag from /home/kyuseok00/final/airflow/dags/similarity.py
[2024-12-06T12:01:53.282+0900] {processor.py:925} INFO - DAG(s) 'user_similarity' retrieved from /home/kyuseok00/final/airflow/dags/similarity.py
[2024-12-06T12:01:53.304+0900] {logging_mixin.py:190} INFO - [2024-12-06T12:01:53.304+0900] {dag.py:3239} INFO - Sync 1 DAGs
[2024-12-06T12:01:53.337+0900] {logging_mixin.py:190} INFO - [2024-12-06T12:01:53.336+0900] {dag.py:4180} INFO - Setting next_dagrun for user_similarity to 2024-12-06 00:00:00+00:00, run_after=2024-12-07 00:00:00+00:00
[2024-12-06T12:01:53.374+0900] {processor.py:208} INFO - Processing /home/kyuseok00/final/airflow/dags/similarity.py took 1.683 seconds
[2024-12-06T12:02:23.532+0900] {processor.py:186} INFO - Started process (PID=140725) to work on /home/kyuseok00/final/airflow/dags/similarity.py
[2024-12-06T12:02:23.534+0900] {processor.py:914} INFO - Processing file /home/kyuseok00/final/airflow/dags/similarity.py for tasks to queue
[2024-12-06T12:02:23.537+0900] {logging_mixin.py:190} INFO - [2024-12-06T12:02:23.536+0900] {dagbag.py:588} INFO - Filling up the DagBag from /home/kyuseok00/final/airflow/dags/similarity.py
[2024-12-06T12:02:24.736+0900] {processor.py:925} INFO - DAG(s) 'user_similarity' retrieved from /home/kyuseok00/final/airflow/dags/similarity.py
[2024-12-06T12:02:24.752+0900] {logging_mixin.py:190} INFO - [2024-12-06T12:02:24.751+0900] {dag.py:3239} INFO - Sync 1 DAGs
[2024-12-06T12:02:24.776+0900] {logging_mixin.py:190} INFO - [2024-12-06T12:02:24.775+0900] {dag.py:4180} INFO - Setting next_dagrun for user_similarity to 2024-12-06 00:00:00+00:00, run_after=2024-12-07 00:00:00+00:00
[2024-12-06T12:02:24.813+0900] {processor.py:208} INFO - Processing /home/kyuseok00/final/airflow/dags/similarity.py took 1.288 seconds
[2024-12-06T12:02:54.966+0900] {processor.py:186} INFO - Started process (PID=141863) to work on /home/kyuseok00/final/airflow/dags/similarity.py
[2024-12-06T12:02:54.968+0900] {processor.py:914} INFO - Processing file /home/kyuseok00/final/airflow/dags/similarity.py for tasks to queue
[2024-12-06T12:02:54.975+0900] {logging_mixin.py:190} INFO - [2024-12-06T12:02:54.974+0900] {dagbag.py:588} INFO - Filling up the DagBag from /home/kyuseok00/final/airflow/dags/similarity.py
[2024-12-06T12:02:57.502+0900] {processor.py:925} INFO - DAG(s) 'user_similarity' retrieved from /home/kyuseok00/final/airflow/dags/similarity.py
[2024-12-06T12:02:57.548+0900] {logging_mixin.py:190} INFO - [2024-12-06T12:02:57.547+0900] {dag.py:3239} INFO - Sync 1 DAGs
[2024-12-06T12:02:57.588+0900] {logging_mixin.py:190} INFO - [2024-12-06T12:02:57.588+0900] {dag.py:4180} INFO - Setting next_dagrun for user_similarity to 2024-12-06 00:00:00+00:00, run_after=2024-12-07 00:00:00+00:00
[2024-12-06T12:02:57.629+0900] {processor.py:208} INFO - Processing /home/kyuseok00/final/airflow/dags/similarity.py took 2.683 seconds
[2024-12-06T12:03:27.911+0900] {processor.py:186} INFO - Started process (PID=143193) to work on /home/kyuseok00/final/airflow/dags/similarity.py
[2024-12-06T12:03:27.919+0900] {processor.py:914} INFO - Processing file /home/kyuseok00/final/airflow/dags/similarity.py for tasks to queue
[2024-12-06T12:03:27.934+0900] {logging_mixin.py:190} INFO - [2024-12-06T12:03:27.932+0900] {dagbag.py:588} INFO - Filling up the DagBag from /home/kyuseok00/final/airflow/dags/similarity.py
[2024-12-06T12:03:32.089+0900] {processor.py:925} INFO - DAG(s) 'user_similarity' retrieved from /home/kyuseok00/final/airflow/dags/similarity.py
[2024-12-06T12:03:32.146+0900] {logging_mixin.py:190} INFO - [2024-12-06T12:03:32.145+0900] {dag.py:3239} INFO - Sync 1 DAGs
[2024-12-06T12:03:32.192+0900] {logging_mixin.py:190} INFO - [2024-12-06T12:03:32.191+0900] {dag.py:4180} INFO - Setting next_dagrun for user_similarity to 2024-12-06 00:00:00+00:00, run_after=2024-12-07 00:00:00+00:00
[2024-12-06T12:03:32.241+0900] {processor.py:208} INFO - Processing /home/kyuseok00/final/airflow/dags/similarity.py took 4.381 seconds
[2024-12-06T12:04:02.393+0900] {processor.py:186} INFO - Started process (PID=144372) to work on /home/kyuseok00/final/airflow/dags/similarity.py
[2024-12-06T12:04:02.395+0900] {processor.py:914} INFO - Processing file /home/kyuseok00/final/airflow/dags/similarity.py for tasks to queue
[2024-12-06T12:04:02.398+0900] {logging_mixin.py:190} INFO - [2024-12-06T12:04:02.397+0900] {dagbag.py:588} INFO - Filling up the DagBag from /home/kyuseok00/final/airflow/dags/similarity.py
[2024-12-06T12:04:03.837+0900] {processor.py:925} INFO - DAG(s) 'user_similarity' retrieved from /home/kyuseok00/final/airflow/dags/similarity.py
[2024-12-06T12:04:03.863+0900] {logging_mixin.py:190} INFO - [2024-12-06T12:04:03.862+0900] {dag.py:3239} INFO - Sync 1 DAGs
[2024-12-06T12:04:03.892+0900] {logging_mixin.py:190} INFO - [2024-12-06T12:04:03.892+0900] {dag.py:4180} INFO - Setting next_dagrun for user_similarity to 2024-12-06 00:00:00+00:00, run_after=2024-12-07 00:00:00+00:00
[2024-12-06T12:04:03.922+0900] {processor.py:208} INFO - Processing /home/kyuseok00/final/airflow/dags/similarity.py took 1.540 seconds
[2024-12-06T12:04:34.093+0900] {processor.py:186} INFO - Started process (PID=144935) to work on /home/kyuseok00/final/airflow/dags/similarity.py
[2024-12-06T12:04:34.095+0900] {processor.py:914} INFO - Processing file /home/kyuseok00/final/airflow/dags/similarity.py for tasks to queue
[2024-12-06T12:04:34.098+0900] {logging_mixin.py:190} INFO - [2024-12-06T12:04:34.098+0900] {dagbag.py:588} INFO - Filling up the DagBag from /home/kyuseok00/final/airflow/dags/similarity.py
[2024-12-06T12:04:35.142+0900] {processor.py:925} INFO - DAG(s) 'user_similarity' retrieved from /home/kyuseok00/final/airflow/dags/similarity.py
[2024-12-06T12:04:35.169+0900] {logging_mixin.py:190} INFO - [2024-12-06T12:04:35.168+0900] {dag.py:3239} INFO - Sync 1 DAGs
[2024-12-06T12:04:35.194+0900] {logging_mixin.py:190} INFO - [2024-12-06T12:04:35.194+0900] {dag.py:4180} INFO - Setting next_dagrun for user_similarity to 2024-12-06 00:00:00+00:00, run_after=2024-12-07 00:00:00+00:00
[2024-12-06T12:04:35.221+0900] {processor.py:208} INFO - Processing /home/kyuseok00/final/airflow/dags/similarity.py took 1.136 seconds
[2024-12-06T12:05:05.555+0900] {processor.py:186} INFO - Started process (PID=145458) to work on /home/kyuseok00/final/airflow/dags/similarity.py
[2024-12-06T12:05:05.559+0900] {processor.py:914} INFO - Processing file /home/kyuseok00/final/airflow/dags/similarity.py for tasks to queue
[2024-12-06T12:05:05.572+0900] {logging_mixin.py:190} INFO - [2024-12-06T12:05:05.571+0900] {dagbag.py:588} INFO - Filling up the DagBag from /home/kyuseok00/final/airflow/dags/similarity.py
[2024-12-06T12:05:07.883+0900] {processor.py:925} INFO - DAG(s) 'user_similarity' retrieved from /home/kyuseok00/final/airflow/dags/similarity.py
[2024-12-06T12:05:07.947+0900] {logging_mixin.py:190} INFO - [2024-12-06T12:05:07.945+0900] {dag.py:3239} INFO - Sync 1 DAGs
[2024-12-06T12:05:08.041+0900] {logging_mixin.py:190} INFO - [2024-12-06T12:05:08.040+0900] {dag.py:4180} INFO - Setting next_dagrun for user_similarity to 2024-12-06 00:00:00+00:00, run_after=2024-12-07 00:00:00+00:00
[2024-12-06T12:05:08.093+0900] {processor.py:208} INFO - Processing /home/kyuseok00/final/airflow/dags/similarity.py took 2.572 seconds
[2024-12-06T12:05:38.320+0900] {processor.py:186} INFO - Started process (PID=145971) to work on /home/kyuseok00/final/airflow/dags/similarity.py
[2024-12-06T12:05:38.323+0900] {processor.py:914} INFO - Processing file /home/kyuseok00/final/airflow/dags/similarity.py for tasks to queue
[2024-12-06T12:05:38.327+0900] {logging_mixin.py:190} INFO - [2024-12-06T12:05:38.326+0900] {dagbag.py:588} INFO - Filling up the DagBag from /home/kyuseok00/final/airflow/dags/similarity.py
[2024-12-06T12:05:39.956+0900] {processor.py:925} INFO - DAG(s) 'user_similarity' retrieved from /home/kyuseok00/final/airflow/dags/similarity.py
[2024-12-06T12:05:40.030+0900] {logging_mixin.py:190} INFO - [2024-12-06T12:05:40.028+0900] {dag.py:3239} INFO - Sync 1 DAGs
[2024-12-06T12:05:40.099+0900] {logging_mixin.py:190} INFO - [2024-12-06T12:05:40.098+0900] {dag.py:4180} INFO - Setting next_dagrun for user_similarity to 2024-12-06 00:00:00+00:00, run_after=2024-12-07 00:00:00+00:00
[2024-12-06T12:05:40.150+0900] {processor.py:208} INFO - Processing /home/kyuseok00/final/airflow/dags/similarity.py took 1.839 seconds
[2024-12-06T12:06:10.338+0900] {processor.py:186} INFO - Started process (PID=146505) to work on /home/kyuseok00/final/airflow/dags/similarity.py
[2024-12-06T12:06:10.343+0900] {processor.py:914} INFO - Processing file /home/kyuseok00/final/airflow/dags/similarity.py for tasks to queue
[2024-12-06T12:06:10.349+0900] {logging_mixin.py:190} INFO - [2024-12-06T12:06:10.347+0900] {dagbag.py:588} INFO - Filling up the DagBag from /home/kyuseok00/final/airflow/dags/similarity.py
[2024-12-06T12:06:11.813+0900] {processor.py:925} INFO - DAG(s) 'user_similarity' retrieved from /home/kyuseok00/final/airflow/dags/similarity.py
[2024-12-06T12:06:11.840+0900] {logging_mixin.py:190} INFO - [2024-12-06T12:06:11.839+0900] {dag.py:3239} INFO - Sync 1 DAGs
[2024-12-06T12:06:11.879+0900] {logging_mixin.py:190} INFO - [2024-12-06T12:06:11.879+0900] {dag.py:4180} INFO - Setting next_dagrun for user_similarity to 2024-12-06 00:00:00+00:00, run_after=2024-12-07 00:00:00+00:00
[2024-12-06T12:06:11.922+0900] {processor.py:208} INFO - Processing /home/kyuseok00/final/airflow/dags/similarity.py took 1.600 seconds
[2024-12-06T12:06:42.064+0900] {processor.py:186} INFO - Started process (PID=147025) to work on /home/kyuseok00/final/airflow/dags/similarity.py
[2024-12-06T12:06:42.065+0900] {processor.py:914} INFO - Processing file /home/kyuseok00/final/airflow/dags/similarity.py for tasks to queue
[2024-12-06T12:06:42.067+0900] {logging_mixin.py:190} INFO - [2024-12-06T12:06:42.067+0900] {dagbag.py:588} INFO - Filling up the DagBag from /home/kyuseok00/final/airflow/dags/similarity.py
[2024-12-06T12:06:42.881+0900] {processor.py:925} INFO - DAG(s) 'user_similarity' retrieved from /home/kyuseok00/final/airflow/dags/similarity.py
[2024-12-06T12:06:42.897+0900] {logging_mixin.py:190} INFO - [2024-12-06T12:06:42.896+0900] {dag.py:3239} INFO - Sync 1 DAGs
[2024-12-06T12:06:42.913+0900] {logging_mixin.py:190} INFO - [2024-12-06T12:06:42.913+0900] {dag.py:4180} INFO - Setting next_dagrun for user_similarity to 2024-12-06 00:00:00+00:00, run_after=2024-12-07 00:00:00+00:00
[2024-12-06T12:06:42.940+0900] {processor.py:208} INFO - Processing /home/kyuseok00/final/airflow/dags/similarity.py took 0.883 seconds
[2024-12-06T12:07:13.069+0900] {processor.py:186} INFO - Started process (PID=147804) to work on /home/kyuseok00/final/airflow/dags/similarity.py
[2024-12-06T12:07:13.070+0900] {processor.py:914} INFO - Processing file /home/kyuseok00/final/airflow/dags/similarity.py for tasks to queue
[2024-12-06T12:07:13.072+0900] {logging_mixin.py:190} INFO - [2024-12-06T12:07:13.072+0900] {dagbag.py:588} INFO - Filling up the DagBag from /home/kyuseok00/final/airflow/dags/similarity.py
[2024-12-06T12:07:13.906+0900] {processor.py:925} INFO - DAG(s) 'user_similarity' retrieved from /home/kyuseok00/final/airflow/dags/similarity.py
[2024-12-06T12:07:13.922+0900] {logging_mixin.py:190} INFO - [2024-12-06T12:07:13.922+0900] {dag.py:3239} INFO - Sync 1 DAGs
[2024-12-06T12:07:13.941+0900] {logging_mixin.py:190} INFO - [2024-12-06T12:07:13.940+0900] {dag.py:4180} INFO - Setting next_dagrun for user_similarity to 2024-12-06 00:00:00+00:00, run_after=2024-12-07 00:00:00+00:00
[2024-12-06T12:07:13.962+0900] {processor.py:208} INFO - Processing /home/kyuseok00/final/airflow/dags/similarity.py took 0.905 seconds
[2024-12-06T12:07:44.175+0900] {processor.py:186} INFO - Started process (PID=148416) to work on /home/kyuseok00/final/airflow/dags/similarity.py
[2024-12-06T12:07:44.177+0900] {processor.py:914} INFO - Processing file /home/kyuseok00/final/airflow/dags/similarity.py for tasks to queue
[2024-12-06T12:07:44.180+0900] {logging_mixin.py:190} INFO - [2024-12-06T12:07:44.179+0900] {dagbag.py:588} INFO - Filling up the DagBag from /home/kyuseok00/final/airflow/dags/similarity.py
[2024-12-06T12:07:45.634+0900] {processor.py:925} INFO - DAG(s) 'user_similarity' retrieved from /home/kyuseok00/final/airflow/dags/similarity.py
[2024-12-06T12:07:45.665+0900] {logging_mixin.py:190} INFO - [2024-12-06T12:07:45.664+0900] {dag.py:3239} INFO - Sync 1 DAGs
[2024-12-06T12:07:45.692+0900] {logging_mixin.py:190} INFO - [2024-12-06T12:07:45.692+0900] {dag.py:4180} INFO - Setting next_dagrun for user_similarity to 2024-12-06 00:00:00+00:00, run_after=2024-12-07 00:00:00+00:00
[2024-12-06T12:07:45.729+0900] {processor.py:208} INFO - Processing /home/kyuseok00/final/airflow/dags/similarity.py took 1.566 seconds
[2024-12-06T12:08:15.958+0900] {processor.py:186} INFO - Started process (PID=148946) to work on /home/kyuseok00/final/airflow/dags/similarity.py
[2024-12-06T12:08:15.960+0900] {processor.py:914} INFO - Processing file /home/kyuseok00/final/airflow/dags/similarity.py for tasks to queue
[2024-12-06T12:08:15.964+0900] {logging_mixin.py:190} INFO - [2024-12-06T12:08:15.963+0900] {dagbag.py:588} INFO - Filling up the DagBag from /home/kyuseok00/final/airflow/dags/similarity.py
[2024-12-06T12:08:17.661+0900] {processor.py:925} INFO - DAG(s) 'user_similarity' retrieved from /home/kyuseok00/final/airflow/dags/similarity.py
[2024-12-06T12:08:17.683+0900] {logging_mixin.py:190} INFO - [2024-12-06T12:08:17.683+0900] {dag.py:3239} INFO - Sync 1 DAGs
[2024-12-06T12:08:17.719+0900] {logging_mixin.py:190} INFO - [2024-12-06T12:08:17.719+0900] {dag.py:4180} INFO - Setting next_dagrun for user_similarity to 2024-12-06 00:00:00+00:00, run_after=2024-12-07 00:00:00+00:00
[2024-12-06T12:08:17.753+0900] {processor.py:208} INFO - Processing /home/kyuseok00/final/airflow/dags/similarity.py took 1.804 seconds
[2024-12-06T12:08:48.203+0900] {processor.py:186} INFO - Started process (PID=149471) to work on /home/kyuseok00/final/airflow/dags/similarity.py
[2024-12-06T12:08:48.205+0900] {processor.py:914} INFO - Processing file /home/kyuseok00/final/airflow/dags/similarity.py for tasks to queue
[2024-12-06T12:08:48.208+0900] {logging_mixin.py:190} INFO - [2024-12-06T12:08:48.207+0900] {dagbag.py:588} INFO - Filling up the DagBag from /home/kyuseok00/final/airflow/dags/similarity.py
[2024-12-06T12:08:49.044+0900] {processor.py:925} INFO - DAG(s) 'user_similarity' retrieved from /home/kyuseok00/final/airflow/dags/similarity.py
[2024-12-06T12:08:49.063+0900] {logging_mixin.py:190} INFO - [2024-12-06T12:08:49.062+0900] {dag.py:3239} INFO - Sync 1 DAGs
[2024-12-06T12:08:49.085+0900] {logging_mixin.py:190} INFO - [2024-12-06T12:08:49.084+0900] {dag.py:4180} INFO - Setting next_dagrun for user_similarity to 2024-12-06 00:00:00+00:00, run_after=2024-12-07 00:00:00+00:00
[2024-12-06T12:08:49.109+0900] {processor.py:208} INFO - Processing /home/kyuseok00/final/airflow/dags/similarity.py took 0.913 seconds
[2024-12-06T12:09:19.305+0900] {processor.py:186} INFO - Started process (PID=150057) to work on /home/kyuseok00/final/airflow/dags/similarity.py
[2024-12-06T12:09:19.310+0900] {processor.py:914} INFO - Processing file /home/kyuseok00/final/airflow/dags/similarity.py for tasks to queue
[2024-12-06T12:09:19.314+0900] {logging_mixin.py:190} INFO - [2024-12-06T12:09:19.313+0900] {dagbag.py:588} INFO - Filling up the DagBag from /home/kyuseok00/final/airflow/dags/similarity.py
[2024-12-06T12:09:20.760+0900] {processor.py:925} INFO - DAG(s) 'user_similarity' retrieved from /home/kyuseok00/final/airflow/dags/similarity.py
[2024-12-06T12:09:20.782+0900] {logging_mixin.py:190} INFO - [2024-12-06T12:09:20.782+0900] {dag.py:3239} INFO - Sync 1 DAGs
[2024-12-06T12:09:20.808+0900] {logging_mixin.py:190} INFO - [2024-12-06T12:09:20.807+0900] {dag.py:4180} INFO - Setting next_dagrun for user_similarity to 2024-12-06 00:00:00+00:00, run_after=2024-12-07 00:00:00+00:00
[2024-12-06T12:09:20.829+0900] {processor.py:208} INFO - Processing /home/kyuseok00/final/airflow/dags/similarity.py took 1.534 seconds
[2024-12-06T12:09:51.019+0900] {processor.py:186} INFO - Started process (PID=150781) to work on /home/kyuseok00/final/airflow/dags/similarity.py
[2024-12-06T12:09:51.020+0900] {processor.py:914} INFO - Processing file /home/kyuseok00/final/airflow/dags/similarity.py for tasks to queue
[2024-12-06T12:09:51.023+0900] {logging_mixin.py:190} INFO - [2024-12-06T12:09:51.023+0900] {dagbag.py:588} INFO - Filling up the DagBag from /home/kyuseok00/final/airflow/dags/similarity.py
[2024-12-06T12:09:52.454+0900] {processor.py:925} INFO - DAG(s) 'user_similarity' retrieved from /home/kyuseok00/final/airflow/dags/similarity.py
[2024-12-06T12:09:52.510+0900] {logging_mixin.py:190} INFO - [2024-12-06T12:09:52.508+0900] {dag.py:3239} INFO - Sync 1 DAGs
[2024-12-06T12:09:52.542+0900] {logging_mixin.py:190} INFO - [2024-12-06T12:09:52.541+0900] {dag.py:4180} INFO - Setting next_dagrun for user_similarity to 2024-12-06 00:00:00+00:00, run_after=2024-12-07 00:00:00+00:00
[2024-12-06T12:09:52.570+0900] {processor.py:208} INFO - Processing /home/kyuseok00/final/airflow/dags/similarity.py took 1.562 seconds
[2024-12-06T12:10:22.747+0900] {processor.py:186} INFO - Started process (PID=151371) to work on /home/kyuseok00/final/airflow/dags/similarity.py
[2024-12-06T12:10:22.749+0900] {processor.py:914} INFO - Processing file /home/kyuseok00/final/airflow/dags/similarity.py for tasks to queue
[2024-12-06T12:10:22.752+0900] {logging_mixin.py:190} INFO - [2024-12-06T12:10:22.751+0900] {dagbag.py:588} INFO - Filling up the DagBag from /home/kyuseok00/final/airflow/dags/similarity.py
[2024-12-06T12:10:23.985+0900] {processor.py:925} INFO - DAG(s) 'user_similarity' retrieved from /home/kyuseok00/final/airflow/dags/similarity.py
[2024-12-06T12:10:24.015+0900] {logging_mixin.py:190} INFO - [2024-12-06T12:10:24.014+0900] {dag.py:3239} INFO - Sync 1 DAGs
[2024-12-06T12:10:24.051+0900] {logging_mixin.py:190} INFO - [2024-12-06T12:10:24.051+0900] {dag.py:4180} INFO - Setting next_dagrun for user_similarity to 2024-12-06 00:00:00+00:00, run_after=2024-12-07 00:00:00+00:00
[2024-12-06T12:10:24.095+0900] {processor.py:208} INFO - Processing /home/kyuseok00/final/airflow/dags/similarity.py took 1.357 seconds
[2024-12-06T12:10:54.247+0900] {processor.py:186} INFO - Started process (PID=151885) to work on /home/kyuseok00/final/airflow/dags/similarity.py
[2024-12-06T12:10:54.251+0900] {processor.py:914} INFO - Processing file /home/kyuseok00/final/airflow/dags/similarity.py for tasks to queue
[2024-12-06T12:10:54.254+0900] {logging_mixin.py:190} INFO - [2024-12-06T12:10:54.254+0900] {dagbag.py:588} INFO - Filling up the DagBag from /home/kyuseok00/final/airflow/dags/similarity.py
[2024-12-06T12:10:55.206+0900] {processor.py:925} INFO - DAG(s) 'user_similarity' retrieved from /home/kyuseok00/final/airflow/dags/similarity.py
[2024-12-06T12:10:55.224+0900] {logging_mixin.py:190} INFO - [2024-12-06T12:10:55.224+0900] {dag.py:3239} INFO - Sync 1 DAGs
[2024-12-06T12:10:55.245+0900] {logging_mixin.py:190} INFO - [2024-12-06T12:10:55.244+0900] {dag.py:4180} INFO - Setting next_dagrun for user_similarity to 2024-12-06 00:00:00+00:00, run_after=2024-12-07 00:00:00+00:00
[2024-12-06T12:10:55.271+0900] {processor.py:208} INFO - Processing /home/kyuseok00/final/airflow/dags/similarity.py took 1.034 seconds
[2024-12-06T12:11:25.443+0900] {processor.py:186} INFO - Started process (PID=152403) to work on /home/kyuseok00/final/airflow/dags/similarity.py
[2024-12-06T12:11:25.453+0900] {processor.py:914} INFO - Processing file /home/kyuseok00/final/airflow/dags/similarity.py for tasks to queue
[2024-12-06T12:11:25.456+0900] {logging_mixin.py:190} INFO - [2024-12-06T12:11:25.455+0900] {dagbag.py:588} INFO - Filling up the DagBag from /home/kyuseok00/final/airflow/dags/similarity.py
[2024-12-06T12:11:26.464+0900] {processor.py:925} INFO - DAG(s) 'user_similarity' retrieved from /home/kyuseok00/final/airflow/dags/similarity.py
[2024-12-06T12:11:26.485+0900] {logging_mixin.py:190} INFO - [2024-12-06T12:11:26.484+0900] {dag.py:3239} INFO - Sync 1 DAGs
[2024-12-06T12:11:26.512+0900] {logging_mixin.py:190} INFO - [2024-12-06T12:11:26.512+0900] {dag.py:4180} INFO - Setting next_dagrun for user_similarity to 2024-12-06 00:00:00+00:00, run_after=2024-12-07 00:00:00+00:00
[2024-12-06T12:11:26.537+0900] {processor.py:208} INFO - Processing /home/kyuseok00/final/airflow/dags/similarity.py took 1.104 seconds
[2024-12-06T12:11:56.759+0900] {processor.py:186} INFO - Started process (PID=152916) to work on /home/kyuseok00/final/airflow/dags/similarity.py
[2024-12-06T12:11:56.765+0900] {processor.py:914} INFO - Processing file /home/kyuseok00/final/airflow/dags/similarity.py for tasks to queue
[2024-12-06T12:11:56.768+0900] {logging_mixin.py:190} INFO - [2024-12-06T12:11:56.768+0900] {dagbag.py:588} INFO - Filling up the DagBag from /home/kyuseok00/final/airflow/dags/similarity.py
[2024-12-06T12:11:57.815+0900] {processor.py:925} INFO - DAG(s) 'user_similarity' retrieved from /home/kyuseok00/final/airflow/dags/similarity.py
[2024-12-06T12:11:57.834+0900] {logging_mixin.py:190} INFO - [2024-12-06T12:11:57.834+0900] {dag.py:3239} INFO - Sync 1 DAGs
[2024-12-06T12:11:57.856+0900] {logging_mixin.py:190} INFO - [2024-12-06T12:11:57.856+0900] {dag.py:4180} INFO - Setting next_dagrun for user_similarity to 2024-12-06 00:00:00+00:00, run_after=2024-12-07 00:00:00+00:00
[2024-12-06T12:11:57.885+0900] {processor.py:208} INFO - Processing /home/kyuseok00/final/airflow/dags/similarity.py took 1.134 seconds
[2024-12-06T12:12:28.100+0900] {processor.py:186} INFO - Started process (PID=153433) to work on /home/kyuseok00/final/airflow/dags/similarity.py
[2024-12-06T12:12:28.102+0900] {processor.py:914} INFO - Processing file /home/kyuseok00/final/airflow/dags/similarity.py for tasks to queue
[2024-12-06T12:12:28.106+0900] {logging_mixin.py:190} INFO - [2024-12-06T12:12:28.105+0900] {dagbag.py:588} INFO - Filling up the DagBag from /home/kyuseok00/final/airflow/dags/similarity.py
[2024-12-06T12:12:29.056+0900] {processor.py:925} INFO - DAG(s) 'user_similarity' retrieved from /home/kyuseok00/final/airflow/dags/similarity.py
[2024-12-06T12:12:29.079+0900] {logging_mixin.py:190} INFO - [2024-12-06T12:12:29.079+0900] {dag.py:3239} INFO - Sync 1 DAGs
[2024-12-06T12:12:29.157+0900] {logging_mixin.py:190} INFO - [2024-12-06T12:12:29.149+0900] {dag.py:4180} INFO - Setting next_dagrun for user_similarity to 2024-12-06 00:00:00+00:00, run_after=2024-12-07 00:00:00+00:00
[2024-12-06T12:12:29.230+0900] {processor.py:208} INFO - Processing /home/kyuseok00/final/airflow/dags/similarity.py took 1.141 seconds
[2024-12-06T12:12:59.420+0900] {processor.py:186} INFO - Started process (PID=153948) to work on /home/kyuseok00/final/airflow/dags/similarity.py
[2024-12-06T12:12:59.427+0900] {processor.py:914} INFO - Processing file /home/kyuseok00/final/airflow/dags/similarity.py for tasks to queue
[2024-12-06T12:12:59.431+0900] {logging_mixin.py:190} INFO - [2024-12-06T12:12:59.430+0900] {dagbag.py:588} INFO - Filling up the DagBag from /home/kyuseok00/final/airflow/dags/similarity.py
[2024-12-06T12:13:00.410+0900] {processor.py:925} INFO - DAG(s) 'user_similarity' retrieved from /home/kyuseok00/final/airflow/dags/similarity.py
[2024-12-06T12:13:00.428+0900] {logging_mixin.py:190} INFO - [2024-12-06T12:13:00.427+0900] {dag.py:3239} INFO - Sync 1 DAGs
[2024-12-06T12:13:00.449+0900] {logging_mixin.py:190} INFO - [2024-12-06T12:13:00.449+0900] {dag.py:4180} INFO - Setting next_dagrun for user_similarity to 2024-12-06 00:00:00+00:00, run_after=2024-12-07 00:00:00+00:00
[2024-12-06T12:13:00.486+0900] {processor.py:208} INFO - Processing /home/kyuseok00/final/airflow/dags/similarity.py took 1.076 seconds
[2024-12-06T12:13:30.623+0900] {processor.py:186} INFO - Started process (PID=154480) to work on /home/kyuseok00/final/airflow/dags/similarity.py
[2024-12-06T12:13:30.624+0900] {processor.py:914} INFO - Processing file /home/kyuseok00/final/airflow/dags/similarity.py for tasks to queue
[2024-12-06T12:13:30.627+0900] {logging_mixin.py:190} INFO - [2024-12-06T12:13:30.626+0900] {dagbag.py:588} INFO - Filling up the DagBag from /home/kyuseok00/final/airflow/dags/similarity.py
[2024-12-06T12:13:31.649+0900] {processor.py:925} INFO - DAG(s) 'user_similarity' retrieved from /home/kyuseok00/final/airflow/dags/similarity.py
[2024-12-06T12:13:31.667+0900] {logging_mixin.py:190} INFO - [2024-12-06T12:13:31.667+0900] {dag.py:3239} INFO - Sync 1 DAGs
[2024-12-06T12:13:31.693+0900] {logging_mixin.py:190} INFO - [2024-12-06T12:13:31.693+0900] {dag.py:4180} INFO - Setting next_dagrun for user_similarity to 2024-12-06 00:00:00+00:00, run_after=2024-12-07 00:00:00+00:00
[2024-12-06T12:13:31.725+0900] {processor.py:208} INFO - Processing /home/kyuseok00/final/airflow/dags/similarity.py took 1.112 seconds
[2024-12-06T12:14:01.938+0900] {processor.py:186} INFO - Started process (PID=155348) to work on /home/kyuseok00/final/airflow/dags/similarity.py
[2024-12-06T12:14:01.947+0900] {processor.py:914} INFO - Processing file /home/kyuseok00/final/airflow/dags/similarity.py for tasks to queue
[2024-12-06T12:14:01.950+0900] {logging_mixin.py:190} INFO - [2024-12-06T12:14:01.949+0900] {dagbag.py:588} INFO - Filling up the DagBag from /home/kyuseok00/final/airflow/dags/similarity.py
[2024-12-06T12:14:02.839+0900] {processor.py:925} INFO - DAG(s) 'user_similarity' retrieved from /home/kyuseok00/final/airflow/dags/similarity.py
[2024-12-06T12:14:02.857+0900] {logging_mixin.py:190} INFO - [2024-12-06T12:14:02.856+0900] {dag.py:3239} INFO - Sync 1 DAGs
[2024-12-06T12:14:02.876+0900] {logging_mixin.py:190} INFO - [2024-12-06T12:14:02.876+0900] {dag.py:4180} INFO - Setting next_dagrun for user_similarity to 2024-12-06 00:00:00+00:00, run_after=2024-12-07 00:00:00+00:00
[2024-12-06T12:14:02.909+0900] {processor.py:208} INFO - Processing /home/kyuseok00/final/airflow/dags/similarity.py took 0.981 seconds
[2024-12-06T12:14:33.018+0900] {processor.py:186} INFO - Started process (PID=156562) to work on /home/kyuseok00/final/airflow/dags/similarity.py
[2024-12-06T12:14:33.021+0900] {processor.py:914} INFO - Processing file /home/kyuseok00/final/airflow/dags/similarity.py for tasks to queue
[2024-12-06T12:14:33.024+0900] {logging_mixin.py:190} INFO - [2024-12-06T12:14:33.023+0900] {dagbag.py:588} INFO - Filling up the DagBag from /home/kyuseok00/final/airflow/dags/similarity.py
[2024-12-06T12:14:34.053+0900] {processor.py:925} INFO - DAG(s) 'user_similarity' retrieved from /home/kyuseok00/final/airflow/dags/similarity.py
[2024-12-06T12:14:34.075+0900] {logging_mixin.py:190} INFO - [2024-12-06T12:14:34.074+0900] {dag.py:3239} INFO - Sync 1 DAGs
[2024-12-06T12:14:34.129+0900] {logging_mixin.py:190} INFO - [2024-12-06T12:14:34.129+0900] {dag.py:4180} INFO - Setting next_dagrun for user_similarity to 2024-12-06 00:00:00+00:00, run_after=2024-12-07 00:00:00+00:00
[2024-12-06T12:14:34.164+0900] {processor.py:208} INFO - Processing /home/kyuseok00/final/airflow/dags/similarity.py took 1.152 seconds
[2024-12-06T12:15:04.327+0900] {processor.py:186} INFO - Started process (PID=157512) to work on /home/kyuseok00/final/airflow/dags/similarity.py
[2024-12-06T12:15:04.330+0900] {processor.py:914} INFO - Processing file /home/kyuseok00/final/airflow/dags/similarity.py for tasks to queue
[2024-12-06T12:15:04.334+0900] {logging_mixin.py:190} INFO - [2024-12-06T12:15:04.333+0900] {dagbag.py:588} INFO - Filling up the DagBag from /home/kyuseok00/final/airflow/dags/similarity.py
[2024-12-06T12:15:05.404+0900] {processor.py:925} INFO - DAG(s) 'user_similarity' retrieved from /home/kyuseok00/final/airflow/dags/similarity.py
[2024-12-06T12:15:05.421+0900] {logging_mixin.py:190} INFO - [2024-12-06T12:15:05.420+0900] {dag.py:3239} INFO - Sync 1 DAGs
[2024-12-06T12:15:05.442+0900] {logging_mixin.py:190} INFO - [2024-12-06T12:15:05.441+0900] {dag.py:4180} INFO - Setting next_dagrun for user_similarity to 2024-12-06 00:00:00+00:00, run_after=2024-12-07 00:00:00+00:00
[2024-12-06T12:15:05.472+0900] {processor.py:208} INFO - Processing /home/kyuseok00/final/airflow/dags/similarity.py took 1.161 seconds
[2024-12-06T12:15:35.850+0900] {processor.py:186} INFO - Started process (PID=158954) to work on /home/kyuseok00/final/airflow/dags/similarity.py
[2024-12-06T12:15:35.861+0900] {processor.py:914} INFO - Processing file /home/kyuseok00/final/airflow/dags/similarity.py for tasks to queue
[2024-12-06T12:15:35.885+0900] {logging_mixin.py:190} INFO - [2024-12-06T12:15:35.883+0900] {dagbag.py:588} INFO - Filling up the DagBag from /home/kyuseok00/final/airflow/dags/similarity.py
[2024-12-06T12:15:41.165+0900] {processor.py:925} INFO - DAG(s) 'user_similarity' retrieved from /home/kyuseok00/final/airflow/dags/similarity.py
[2024-12-06T12:15:41.234+0900] {logging_mixin.py:190} INFO - [2024-12-06T12:15:41.232+0900] {dag.py:3239} INFO - Sync 1 DAGs
[2024-12-06T12:15:41.418+0900] {logging_mixin.py:190} INFO - [2024-12-06T12:15:41.387+0900] {dag.py:4180} INFO - Setting next_dagrun for user_similarity to 2024-12-06 00:00:00+00:00, run_after=2024-12-07 00:00:00+00:00
[2024-12-06T12:15:41.597+0900] {processor.py:208} INFO - Processing /home/kyuseok00/final/airflow/dags/similarity.py took 5.787 seconds
[2024-12-06T12:16:12.033+0900] {processor.py:186} INFO - Started process (PID=160141) to work on /home/kyuseok00/final/airflow/dags/similarity.py
[2024-12-06T12:16:12.036+0900] {processor.py:914} INFO - Processing file /home/kyuseok00/final/airflow/dags/similarity.py for tasks to queue
[2024-12-06T12:16:12.047+0900] {logging_mixin.py:190} INFO - [2024-12-06T12:16:12.042+0900] {dagbag.py:588} INFO - Filling up the DagBag from /home/kyuseok00/final/airflow/dags/similarity.py
[2024-12-06T12:16:27.822+0900] {processor.py:925} INFO - DAG(s) 'user_similarity' retrieved from /home/kyuseok00/final/airflow/dags/similarity.py
[2024-12-06T12:16:28.077+0900] {logging_mixin.py:190} INFO - [2024-12-06T12:16:28.064+0900] {dag.py:3239} INFO - Sync 1 DAGs
[2024-12-06T12:16:28.332+0900] {logging_mixin.py:190} INFO - [2024-12-06T12:16:28.331+0900] {dag.py:4180} INFO - Setting next_dagrun for user_similarity to 2024-12-06 00:00:00+00:00, run_after=2024-12-07 00:00:00+00:00
[2024-12-06T12:16:28.559+0900] {processor.py:208} INFO - Processing /home/kyuseok00/final/airflow/dags/similarity.py took 16.557 seconds
[2024-12-06T12:16:59.027+0900] {processor.py:186} INFO - Started process (PID=160871) to work on /home/kyuseok00/final/airflow/dags/similarity.py
[2024-12-06T12:16:59.031+0900] {processor.py:914} INFO - Processing file /home/kyuseok00/final/airflow/dags/similarity.py for tasks to queue
[2024-12-06T12:16:59.035+0900] {logging_mixin.py:190} INFO - [2024-12-06T12:16:59.034+0900] {dagbag.py:588} INFO - Filling up the DagBag from /home/kyuseok00/final/airflow/dags/similarity.py
[2024-12-06T12:17:00.282+0900] {processor.py:925} INFO - DAG(s) 'user_similarity' retrieved from /home/kyuseok00/final/airflow/dags/similarity.py
[2024-12-06T12:17:00.306+0900] {logging_mixin.py:190} INFO - [2024-12-06T12:17:00.305+0900] {dag.py:3239} INFO - Sync 1 DAGs
[2024-12-06T12:17:00.338+0900] {logging_mixin.py:190} INFO - [2024-12-06T12:17:00.338+0900] {dag.py:4180} INFO - Setting next_dagrun for user_similarity to 2024-12-06 00:00:00+00:00, run_after=2024-12-07 00:00:00+00:00
[2024-12-06T12:17:00.370+0900] {processor.py:208} INFO - Processing /home/kyuseok00/final/airflow/dags/similarity.py took 1.354 seconds
[2024-12-06T12:17:30.613+0900] {processor.py:186} INFO - Started process (PID=161391) to work on /home/kyuseok00/final/airflow/dags/similarity.py
[2024-12-06T12:17:30.617+0900] {processor.py:914} INFO - Processing file /home/kyuseok00/final/airflow/dags/similarity.py for tasks to queue
[2024-12-06T12:17:30.625+0900] {logging_mixin.py:190} INFO - [2024-12-06T12:17:30.624+0900] {dagbag.py:588} INFO - Filling up the DagBag from /home/kyuseok00/final/airflow/dags/similarity.py
[2024-12-06T12:17:31.784+0900] {processor.py:925} INFO - DAG(s) 'user_similarity' retrieved from /home/kyuseok00/final/airflow/dags/similarity.py
[2024-12-06T12:17:31.803+0900] {logging_mixin.py:190} INFO - [2024-12-06T12:17:31.802+0900] {dag.py:3239} INFO - Sync 1 DAGs
[2024-12-06T12:17:31.829+0900] {logging_mixin.py:190} INFO - [2024-12-06T12:17:31.829+0900] {dag.py:4180} INFO - Setting next_dagrun for user_similarity to 2024-12-06 00:00:00+00:00, run_after=2024-12-07 00:00:00+00:00
[2024-12-06T12:17:31.878+0900] {processor.py:208} INFO - Processing /home/kyuseok00/final/airflow/dags/similarity.py took 1.298 seconds
[2024-12-06T12:18:02.063+0900] {processor.py:186} INFO - Started process (PID=161932) to work on /home/kyuseok00/final/airflow/dags/similarity.py
[2024-12-06T12:18:02.064+0900] {processor.py:914} INFO - Processing file /home/kyuseok00/final/airflow/dags/similarity.py for tasks to queue
[2024-12-06T12:18:02.067+0900] {logging_mixin.py:190} INFO - [2024-12-06T12:18:02.066+0900] {dagbag.py:588} INFO - Filling up the DagBag from /home/kyuseok00/final/airflow/dags/similarity.py
[2024-12-06T12:18:03.070+0900] {processor.py:925} INFO - DAG(s) 'user_similarity' retrieved from /home/kyuseok00/final/airflow/dags/similarity.py
[2024-12-06T12:18:03.104+0900] {logging_mixin.py:190} INFO - [2024-12-06T12:18:03.103+0900] {dag.py:3239} INFO - Sync 1 DAGs
[2024-12-06T12:18:03.133+0900] {logging_mixin.py:190} INFO - [2024-12-06T12:18:03.132+0900] {dag.py:4180} INFO - Setting next_dagrun for user_similarity to 2024-12-06 00:00:00+00:00, run_after=2024-12-07 00:00:00+00:00
[2024-12-06T12:18:03.167+0900] {processor.py:208} INFO - Processing /home/kyuseok00/final/airflow/dags/similarity.py took 1.113 seconds
[2024-12-06T12:18:33.371+0900] {processor.py:186} INFO - Started process (PID=162466) to work on /home/kyuseok00/final/airflow/dags/similarity.py
[2024-12-06T12:18:33.374+0900] {processor.py:914} INFO - Processing file /home/kyuseok00/final/airflow/dags/similarity.py for tasks to queue
[2024-12-06T12:18:33.378+0900] {logging_mixin.py:190} INFO - [2024-12-06T12:18:33.377+0900] {dagbag.py:588} INFO - Filling up the DagBag from /home/kyuseok00/final/airflow/dags/similarity.py
[2024-12-06T12:18:37.382+0900] {processor.py:925} INFO - DAG(s) 'user_similarity' retrieved from /home/kyuseok00/final/airflow/dags/similarity.py
[2024-12-06T12:18:37.449+0900] {logging_mixin.py:190} INFO - [2024-12-06T12:18:37.448+0900] {dag.py:3239} INFO - Sync 1 DAGs
[2024-12-06T12:18:37.519+0900] {logging_mixin.py:190} INFO - [2024-12-06T12:18:37.518+0900] {dag.py:4180} INFO - Setting next_dagrun for user_similarity to 2024-12-06 00:00:00+00:00, run_after=2024-12-07 00:00:00+00:00
[2024-12-06T12:18:37.575+0900] {processor.py:208} INFO - Processing /home/kyuseok00/final/airflow/dags/similarity.py took 4.222 seconds
[2024-12-06T12:19:07.888+0900] {processor.py:186} INFO - Started process (PID=163063) to work on /home/kyuseok00/final/airflow/dags/similarity.py
[2024-12-06T12:19:07.891+0900] {processor.py:914} INFO - Processing file /home/kyuseok00/final/airflow/dags/similarity.py for tasks to queue
[2024-12-06T12:19:07.895+0900] {logging_mixin.py:190} INFO - [2024-12-06T12:19:07.894+0900] {dagbag.py:588} INFO - Filling up the DagBag from /home/kyuseok00/final/airflow/dags/similarity.py
[2024-12-06T12:19:09.342+0900] {processor.py:925} INFO - DAG(s) 'user_similarity' retrieved from /home/kyuseok00/final/airflow/dags/similarity.py
[2024-12-06T12:19:09.383+0900] {logging_mixin.py:190} INFO - [2024-12-06T12:19:09.382+0900] {dag.py:3239} INFO - Sync 1 DAGs
[2024-12-06T12:19:09.451+0900] {logging_mixin.py:190} INFO - [2024-12-06T12:19:09.450+0900] {dag.py:4180} INFO - Setting next_dagrun for user_similarity to 2024-12-06 00:00:00+00:00, run_after=2024-12-07 00:00:00+00:00
[2024-12-06T12:19:09.519+0900] {processor.py:208} INFO - Processing /home/kyuseok00/final/airflow/dags/similarity.py took 1.643 seconds
[2024-12-06T12:19:39.726+0900] {processor.py:186} INFO - Started process (PID=163601) to work on /home/kyuseok00/final/airflow/dags/similarity.py
[2024-12-06T12:19:39.727+0900] {processor.py:914} INFO - Processing file /home/kyuseok00/final/airflow/dags/similarity.py for tasks to queue
[2024-12-06T12:19:39.730+0900] {logging_mixin.py:190} INFO - [2024-12-06T12:19:39.730+0900] {dagbag.py:588} INFO - Filling up the DagBag from /home/kyuseok00/final/airflow/dags/similarity.py
[2024-12-06T12:19:41.058+0900] {processor.py:925} INFO - DAG(s) 'user_similarity' retrieved from /home/kyuseok00/final/airflow/dags/similarity.py
[2024-12-06T12:19:41.124+0900] {logging_mixin.py:190} INFO - [2024-12-06T12:19:41.123+0900] {dag.py:3239} INFO - Sync 1 DAGs
[2024-12-06T12:19:41.173+0900] {logging_mixin.py:190} INFO - [2024-12-06T12:19:41.172+0900] {dag.py:4180} INFO - Setting next_dagrun for user_similarity to 2024-12-06 00:00:00+00:00, run_after=2024-12-07 00:00:00+00:00
[2024-12-06T12:19:41.301+0900] {processor.py:208} INFO - Processing /home/kyuseok00/final/airflow/dags/similarity.py took 1.589 seconds
[2024-12-06T12:20:11.628+0900] {processor.py:186} INFO - Started process (PID=164357) to work on /home/kyuseok00/final/airflow/dags/similarity.py
[2024-12-06T12:20:11.630+0900] {processor.py:914} INFO - Processing file /home/kyuseok00/final/airflow/dags/similarity.py for tasks to queue
[2024-12-06T12:20:11.633+0900] {logging_mixin.py:190} INFO - [2024-12-06T12:20:11.632+0900] {dagbag.py:588} INFO - Filling up the DagBag from /home/kyuseok00/final/airflow/dags/similarity.py
[2024-12-06T12:20:13.011+0900] {processor.py:925} INFO - DAG(s) 'user_similarity' retrieved from /home/kyuseok00/final/airflow/dags/similarity.py
[2024-12-06T12:20:13.057+0900] {logging_mixin.py:190} INFO - [2024-12-06T12:20:13.056+0900] {dag.py:3239} INFO - Sync 1 DAGs
[2024-12-06T12:20:13.111+0900] {logging_mixin.py:190} INFO - [2024-12-06T12:20:13.110+0900] {dag.py:4180} INFO - Setting next_dagrun for user_similarity to 2024-12-06 00:00:00+00:00, run_after=2024-12-07 00:00:00+00:00
[2024-12-06T12:20:13.151+0900] {processor.py:208} INFO - Processing /home/kyuseok00/final/airflow/dags/similarity.py took 1.528 seconds
[2024-12-06T12:20:43.319+0900] {processor.py:186} INFO - Started process (PID=165045) to work on /home/kyuseok00/final/airflow/dags/similarity.py
[2024-12-06T12:20:43.321+0900] {processor.py:914} INFO - Processing file /home/kyuseok00/final/airflow/dags/similarity.py for tasks to queue
[2024-12-06T12:20:43.324+0900] {logging_mixin.py:190} INFO - [2024-12-06T12:20:43.324+0900] {dagbag.py:588} INFO - Filling up the DagBag from /home/kyuseok00/final/airflow/dags/similarity.py
[2024-12-06T12:20:44.520+0900] {processor.py:925} INFO - DAG(s) 'user_similarity' retrieved from /home/kyuseok00/final/airflow/dags/similarity.py
[2024-12-06T12:20:44.542+0900] {logging_mixin.py:190} INFO - [2024-12-06T12:20:44.541+0900] {dag.py:3239} INFO - Sync 1 DAGs
[2024-12-06T12:20:44.564+0900] {logging_mixin.py:190} INFO - [2024-12-06T12:20:44.563+0900] {dag.py:4180} INFO - Setting next_dagrun for user_similarity to 2024-12-06 00:00:00+00:00, run_after=2024-12-07 00:00:00+00:00
[2024-12-06T12:20:44.612+0900] {processor.py:208} INFO - Processing /home/kyuseok00/final/airflow/dags/similarity.py took 1.301 seconds
[2024-12-06T12:21:15.010+0900] {processor.py:186} INFO - Started process (PID=166398) to work on /home/kyuseok00/final/airflow/dags/similarity.py
[2024-12-06T12:21:15.012+0900] {processor.py:914} INFO - Processing file /home/kyuseok00/final/airflow/dags/similarity.py for tasks to queue
[2024-12-06T12:21:15.017+0900] {logging_mixin.py:190} INFO - [2024-12-06T12:21:15.016+0900] {dagbag.py:588} INFO - Filling up the DagBag from /home/kyuseok00/final/airflow/dags/similarity.py
[2024-12-06T12:21:17.264+0900] {processor.py:925} INFO - DAG(s) 'user_similarity' retrieved from /home/kyuseok00/final/airflow/dags/similarity.py
[2024-12-06T12:21:17.314+0900] {logging_mixin.py:190} INFO - [2024-12-06T12:21:17.313+0900] {dag.py:3239} INFO - Sync 1 DAGs
[2024-12-06T12:21:17.393+0900] {logging_mixin.py:190} INFO - [2024-12-06T12:21:17.392+0900] {dag.py:4180} INFO - Setting next_dagrun for user_similarity to 2024-12-06 00:00:00+00:00, run_after=2024-12-07 00:00:00+00:00
[2024-12-06T12:21:17.466+0900] {processor.py:208} INFO - Processing /home/kyuseok00/final/airflow/dags/similarity.py took 2.468 seconds
[2024-12-06T12:21:47.767+0900] {processor.py:186} INFO - Started process (PID=167026) to work on /home/kyuseok00/final/airflow/dags/similarity.py
[2024-12-06T12:21:47.773+0900] {processor.py:914} INFO - Processing file /home/kyuseok00/final/airflow/dags/similarity.py for tasks to queue
[2024-12-06T12:21:47.778+0900] {logging_mixin.py:190} INFO - [2024-12-06T12:21:47.777+0900] {dagbag.py:588} INFO - Filling up the DagBag from /home/kyuseok00/final/airflow/dags/similarity.py
[2024-12-06T12:21:49.492+0900] {processor.py:925} INFO - DAG(s) 'user_similarity' retrieved from /home/kyuseok00/final/airflow/dags/similarity.py
[2024-12-06T12:21:49.526+0900] {logging_mixin.py:190} INFO - [2024-12-06T12:21:49.525+0900] {dag.py:3239} INFO - Sync 1 DAGs
[2024-12-06T12:21:49.570+0900] {logging_mixin.py:190} INFO - [2024-12-06T12:21:49.570+0900] {dag.py:4180} INFO - Setting next_dagrun for user_similarity to 2024-12-06 00:00:00+00:00, run_after=2024-12-07 00:00:00+00:00
[2024-12-06T12:21:49.614+0900] {processor.py:208} INFO - Processing /home/kyuseok00/final/airflow/dags/similarity.py took 1.866 seconds
[2024-12-06T12:22:19.771+0900] {processor.py:186} INFO - Started process (PID=167662) to work on /home/kyuseok00/final/airflow/dags/similarity.py
[2024-12-06T12:22:19.773+0900] {processor.py:914} INFO - Processing file /home/kyuseok00/final/airflow/dags/similarity.py for tasks to queue
[2024-12-06T12:22:19.777+0900] {logging_mixin.py:190} INFO - [2024-12-06T12:22:19.776+0900] {dagbag.py:588} INFO - Filling up the DagBag from /home/kyuseok00/final/airflow/dags/similarity.py
[2024-12-06T12:22:21.304+0900] {processor.py:925} INFO - DAG(s) 'user_similarity' retrieved from /home/kyuseok00/final/airflow/dags/similarity.py
[2024-12-06T12:22:21.346+0900] {logging_mixin.py:190} INFO - [2024-12-06T12:22:21.345+0900] {dag.py:3239} INFO - Sync 1 DAGs
[2024-12-06T12:22:21.397+0900] {logging_mixin.py:190} INFO - [2024-12-06T12:22:21.396+0900] {dag.py:4180} INFO - Setting next_dagrun for user_similarity to 2024-12-06 00:00:00+00:00, run_after=2024-12-07 00:00:00+00:00
[2024-12-06T12:22:21.429+0900] {processor.py:208} INFO - Processing /home/kyuseok00/final/airflow/dags/similarity.py took 1.670 seconds
[2024-12-06T12:22:51.563+0900] {processor.py:186} INFO - Started process (PID=168273) to work on /home/kyuseok00/final/airflow/dags/similarity.py
[2024-12-06T12:22:51.565+0900] {processor.py:914} INFO - Processing file /home/kyuseok00/final/airflow/dags/similarity.py for tasks to queue
[2024-12-06T12:22:51.569+0900] {logging_mixin.py:190} INFO - [2024-12-06T12:22:51.569+0900] {dagbag.py:588} INFO - Filling up the DagBag from /home/kyuseok00/final/airflow/dags/similarity.py
[2024-12-06T12:22:52.550+0900] {processor.py:925} INFO - DAG(s) 'user_similarity' retrieved from /home/kyuseok00/final/airflow/dags/similarity.py
[2024-12-06T12:22:52.569+0900] {logging_mixin.py:190} INFO - [2024-12-06T12:22:52.569+0900] {dag.py:3239} INFO - Sync 1 DAGs
[2024-12-06T12:22:52.589+0900] {logging_mixin.py:190} INFO - [2024-12-06T12:22:52.588+0900] {dag.py:4180} INFO - Setting next_dagrun for user_similarity to 2024-12-06 00:00:00+00:00, run_after=2024-12-07 00:00:00+00:00
[2024-12-06T12:22:52.610+0900] {processor.py:208} INFO - Processing /home/kyuseok00/final/airflow/dags/similarity.py took 1.055 seconds
[2024-12-06T12:23:22.766+0900] {processor.py:186} INFO - Started process (PID=168847) to work on /home/kyuseok00/final/airflow/dags/similarity.py
[2024-12-06T12:23:22.769+0900] {processor.py:914} INFO - Processing file /home/kyuseok00/final/airflow/dags/similarity.py for tasks to queue
[2024-12-06T12:23:22.772+0900] {logging_mixin.py:190} INFO - [2024-12-06T12:23:22.771+0900] {dagbag.py:588} INFO - Filling up the DagBag from /home/kyuseok00/final/airflow/dags/similarity.py
[2024-12-06T12:23:23.710+0900] {processor.py:925} INFO - DAG(s) 'user_similarity' retrieved from /home/kyuseok00/final/airflow/dags/similarity.py
[2024-12-06T12:23:23.731+0900] {logging_mixin.py:190} INFO - [2024-12-06T12:23:23.730+0900] {dag.py:3239} INFO - Sync 1 DAGs
[2024-12-06T12:23:23.759+0900] {logging_mixin.py:190} INFO - [2024-12-06T12:23:23.758+0900] {dag.py:4180} INFO - Setting next_dagrun for user_similarity to 2024-12-06 00:00:00+00:00, run_after=2024-12-07 00:00:00+00:00
[2024-12-06T12:23:23.787+0900] {processor.py:208} INFO - Processing /home/kyuseok00/final/airflow/dags/similarity.py took 1.030 seconds
[2024-12-06T12:23:54.029+0900] {processor.py:186} INFO - Started process (PID=169418) to work on /home/kyuseok00/final/airflow/dags/similarity.py
[2024-12-06T12:23:54.031+0900] {processor.py:914} INFO - Processing file /home/kyuseok00/final/airflow/dags/similarity.py for tasks to queue
[2024-12-06T12:23:54.035+0900] {logging_mixin.py:190} INFO - [2024-12-06T12:23:54.034+0900] {dagbag.py:588} INFO - Filling up the DagBag from /home/kyuseok00/final/airflow/dags/similarity.py
[2024-12-06T12:23:55.402+0900] {processor.py:925} INFO - DAG(s) 'user_similarity' retrieved from /home/kyuseok00/final/airflow/dags/similarity.py
[2024-12-06T12:23:55.426+0900] {logging_mixin.py:190} INFO - [2024-12-06T12:23:55.425+0900] {dag.py:3239} INFO - Sync 1 DAGs
[2024-12-06T12:23:55.454+0900] {logging_mixin.py:190} INFO - [2024-12-06T12:23:55.453+0900] {dag.py:4180} INFO - Setting next_dagrun for user_similarity to 2024-12-06 00:00:00+00:00, run_after=2024-12-07 00:00:00+00:00
[2024-12-06T12:23:55.480+0900] {processor.py:208} INFO - Processing /home/kyuseok00/final/airflow/dags/similarity.py took 1.460 seconds
[2024-12-06T12:24:25.618+0900] {processor.py:186} INFO - Started process (PID=169961) to work on /home/kyuseok00/final/airflow/dags/similarity.py
[2024-12-06T12:24:25.620+0900] {processor.py:914} INFO - Processing file /home/kyuseok00/final/airflow/dags/similarity.py for tasks to queue
[2024-12-06T12:24:25.622+0900] {logging_mixin.py:190} INFO - [2024-12-06T12:24:25.622+0900] {dagbag.py:588} INFO - Filling up the DagBag from /home/kyuseok00/final/airflow/dags/similarity.py
[2024-12-06T12:24:26.662+0900] {processor.py:925} INFO - DAG(s) 'user_similarity' retrieved from /home/kyuseok00/final/airflow/dags/similarity.py
[2024-12-06T12:24:26.695+0900] {logging_mixin.py:190} INFO - [2024-12-06T12:24:26.694+0900] {dag.py:3239} INFO - Sync 1 DAGs
[2024-12-06T12:24:26.736+0900] {logging_mixin.py:190} INFO - [2024-12-06T12:24:26.735+0900] {dag.py:4180} INFO - Setting next_dagrun for user_similarity to 2024-12-06 00:00:00+00:00, run_after=2024-12-07 00:00:00+00:00
[2024-12-06T12:24:26.779+0900] {processor.py:208} INFO - Processing /home/kyuseok00/final/airflow/dags/similarity.py took 1.167 seconds
[2024-12-06T12:24:56.964+0900] {processor.py:186} INFO - Started process (PID=170508) to work on /home/kyuseok00/final/airflow/dags/similarity.py
[2024-12-06T12:24:56.965+0900] {processor.py:914} INFO - Processing file /home/kyuseok00/final/airflow/dags/similarity.py for tasks to queue
[2024-12-06T12:24:56.967+0900] {logging_mixin.py:190} INFO - [2024-12-06T12:24:56.967+0900] {dagbag.py:588} INFO - Filling up the DagBag from /home/kyuseok00/final/airflow/dags/similarity.py
[2024-12-06T12:24:57.848+0900] {processor.py:925} INFO - DAG(s) 'user_similarity' retrieved from /home/kyuseok00/final/airflow/dags/similarity.py
[2024-12-06T12:24:57.866+0900] {logging_mixin.py:190} INFO - [2024-12-06T12:24:57.866+0900] {dag.py:3239} INFO - Sync 1 DAGs
[2024-12-06T12:24:57.888+0900] {logging_mixin.py:190} INFO - [2024-12-06T12:24:57.888+0900] {dag.py:4180} INFO - Setting next_dagrun for user_similarity to 2024-12-06 00:00:00+00:00, run_after=2024-12-07 00:00:00+00:00
[2024-12-06T12:24:57.912+0900] {processor.py:208} INFO - Processing /home/kyuseok00/final/airflow/dags/similarity.py took 0.956 seconds
[2024-12-06T12:25:28.096+0900] {processor.py:186} INFO - Started process (PID=171074) to work on /home/kyuseok00/final/airflow/dags/similarity.py
[2024-12-06T12:25:28.105+0900] {processor.py:914} INFO - Processing file /home/kyuseok00/final/airflow/dags/similarity.py for tasks to queue
[2024-12-06T12:25:28.119+0900] {logging_mixin.py:190} INFO - [2024-12-06T12:25:28.117+0900] {dagbag.py:588} INFO - Filling up the DagBag from /home/kyuseok00/final/airflow/dags/similarity.py
[2024-12-06T12:25:29.822+0900] {processor.py:925} INFO - DAG(s) 'user_similarity' retrieved from /home/kyuseok00/final/airflow/dags/similarity.py
[2024-12-06T12:25:29.858+0900] {logging_mixin.py:190} INFO - [2024-12-06T12:25:29.857+0900] {dag.py:3239} INFO - Sync 1 DAGs
[2024-12-06T12:25:29.896+0900] {logging_mixin.py:190} INFO - [2024-12-06T12:25:29.896+0900] {dag.py:4180} INFO - Setting next_dagrun for user_similarity to 2024-12-06 00:00:00+00:00, run_after=2024-12-07 00:00:00+00:00
[2024-12-06T12:25:29.947+0900] {processor.py:208} INFO - Processing /home/kyuseok00/final/airflow/dags/similarity.py took 1.878 seconds
[2024-12-06T12:26:00.112+0900] {processor.py:186} INFO - Started process (PID=171649) to work on /home/kyuseok00/final/airflow/dags/similarity.py
[2024-12-06T12:26:00.113+0900] {processor.py:914} INFO - Processing file /home/kyuseok00/final/airflow/dags/similarity.py for tasks to queue
[2024-12-06T12:26:00.116+0900] {logging_mixin.py:190} INFO - [2024-12-06T12:26:00.115+0900] {dagbag.py:588} INFO - Filling up the DagBag from /home/kyuseok00/final/airflow/dags/similarity.py
[2024-12-06T12:26:01.059+0900] {processor.py:925} INFO - DAG(s) 'user_similarity' retrieved from /home/kyuseok00/final/airflow/dags/similarity.py
[2024-12-06T12:26:01.079+0900] {logging_mixin.py:190} INFO - [2024-12-06T12:26:01.078+0900] {dag.py:3239} INFO - Sync 1 DAGs
[2024-12-06T12:26:01.099+0900] {logging_mixin.py:190} INFO - [2024-12-06T12:26:01.099+0900] {dag.py:4180} INFO - Setting next_dagrun for user_similarity to 2024-12-06 00:00:00+00:00, run_after=2024-12-07 00:00:00+00:00
[2024-12-06T12:26:01.123+0900] {processor.py:208} INFO - Processing /home/kyuseok00/final/airflow/dags/similarity.py took 1.019 seconds
